[ 2025-08-19T13:29:47+08:00 ] ::1 ::1 GET /QandA/public/index.php/admin/index/index
[ log ] localhost/QandA/public/index.php/admin/index/index [运行时间：0.048657s][吞吐率：20.55req/s] [内存消耗：1,022.71kb] [文件加载：27]
[ info ] [ ROUTE ] array (
  'type' => 'module',
  'module' => 
  array (
    0 => 'admin',
    1 => 'index',
    2 => 'index',
  ),
)
[ info ] [ HEADER ] array (
  'host' => 'localhost',
  'connection' => 'keep-alive',
  'upgrade-insecure-requests' => '1',
  'user-agent' => 'Mozilla/5.0 (Windows NT 10.0; Win64; x64) AppleWebKit/537.36 (KHTML, like Gecko) Chrome/60.0.3112.101 Safari/537.36',
  'accept' => 'text/html,application/xhtml+xml,application/xml;q=0.9,image/webp,image/apng,*/*;q=0.8',
  'accept-encoding' => 'gzip, deflate, br',
  'accept-language' => 'zh-CN,zh;q=0.8',
)
[ info ] [ PARAM ] array (
)
[ info ] [ RUN ] Method [ <user> public method index ] {
  @@ D:\xampp\htdocs\QandA\application\admin\controller\Index.php 10 - 14
}

[ info ] [ VIEW ] D:\xampp\htdocs\QandA\public/../application/admin\view\index\home.html [ array (
) ]
[ info ] [ LOG ] INIT File

---------------------------------------------------------------
[ 2025-08-19T13:29:52+08:00 ] ::1 ::1 GET /QandA/public/index.php/admin/index/index?userid=USERNAME&psw=PASSWORD
[ log ] localhost/QandA/public/index.php/admin/index/index?userid=USERNAME&psw=PASSWORD [运行时间：0.023040s][吞吐率：43.40req/s] [内存消耗：1,023.26kb] [文件加载：27]
[ info ] [ ROUTE ] array (
  'type' => 'module',
  'module' => 
  array (
    0 => 'admin',
    1 => 'index',
    2 => 'index',
  ),
)
[ info ] [ HEADER ] array (
  'host' => 'localhost',
  'connection' => 'keep-alive',
  'upgrade-insecure-requests' => '1',
  'user-agent' => 'Mozilla/5.0 (Windows NT 10.0; Win64; x64) AppleWebKit/537.36 (KHTML, like Gecko) Chrome/60.0.3112.101 Safari/537.36',
  'accept' => 'text/html,application/xhtml+xml,application/xml;q=0.9,image/webp,image/apng,*/*;q=0.8',
  'referer' => 'http://localhost/QandA/public/index.php/admin/index/index',
  'accept-encoding' => 'gzip, deflate, br',
  'accept-language' => 'zh-CN,zh;q=0.8',
)
[ info ] [ PARAM ] array (
  'userid' => 'USERNAME',
  'psw' => 'PASSWORD',
)
[ info ] [ RUN ] Method [ <user> public method index ] {
  @@ D:\xampp\htdocs\QandA\application\admin\controller\Index.php 10 - 14
}

[ info ] [ VIEW ] D:\xampp\htdocs\QandA\public/../application/admin\view\index\home.html [ array (
) ]
[ info ] [ LOG ] INIT File

---------------------------------------------------------------
[ 2025-08-19T13:30:10+08:00 ] ::1 ::1 GET /QandA/public/index.php/admin/index/index?userid=USERNAME&psw=PASSWORD
[ log ] localhost/QandA/public/index.php/admin/index/index?userid=USERNAME&psw=PASSWORD [运行时间：0.020102s][吞吐率：49.75req/s] [内存消耗：1,023.26kb] [文件加载：27]
[ info ] [ ROUTE ] array (
  'type' => 'module',
  'module' => 
  array (
    0 => 'admin',
    1 => 'index',
    2 => 'index',
  ),
)
[ info ] [ HEADER ] array (
  'host' => 'localhost',
  'connection' => 'keep-alive',
  'upgrade-insecure-requests' => '1',
  'user-agent' => 'Mozilla/5.0 (Windows NT 10.0; Win64; x64) AppleWebKit/537.36 (KHTML, like Gecko) Chrome/60.0.3112.101 Safari/537.36',
  'accept' => 'text/html,application/xhtml+xml,application/xml;q=0.9,image/webp,image/apng,*/*;q=0.8',
  'referer' => 'http://localhost/QandA/public/index.php/admin/index/index',
  'accept-encoding' => 'gzip, deflate, br',
  'accept-language' => 'zh-CN,zh;q=0.8',
)
[ info ] [ PARAM ] array (
  'userid' => 'USERNAME',
  'psw' => 'PASSWORD',
)
[ info ] [ RUN ] Method [ <user> public method index ] {
  @@ D:\xampp\htdocs\QandA\application\admin\controller\Index.php 10 - 14
}

[ info ] [ VIEW ] D:\xampp\htdocs\QandA\public/../application/admin\view\index\home.html [ array (
) ]
[ info ] [ LOG ] INIT File

---------------------------------------------------------------
