---------------------------------------------------------------
[ 2017-08-26T19:47:35+08:00 ] ::1 ::1 GET /QandA/public/index.php/index/userindex/user_index.html
[ info ] localhost/QandA/public/index.php/index/userindex/user_index.html [运行时间：0.076740s][吞吐率：13.03req/s] [内存消耗：1,346.56kb] [文件加载：34]
[ info ] [ LANG ] G:\xampp\htdocs\QandA\thinkphp\lang\zh-cn.php
[ info ] [ ROUTE ] array (
  'type' => 'module',
  'module' => 
  array (
    0 => 'index',
    1 => 'userindex',
    2 => 'user_index',
  ),
)
[ info ] [ HEADER ] array (
  'host' => 'localhost',
  'connection' => 'keep-alive',
  'upgrade-insecure-requests' => '1',
  'user-agent' => 'Mozilla/5.0 (Windows NT 6.3; Win64; x64) AppleWebKit/537.36 (KHTML, like Gecko) Chrome/56.0.2924.87 Safari/537.36',
  'accept' => 'text/html,application/xhtml+xml,application/xml;q=0.9,image/webp,*/*;q=0.8',
  'accept-encoding' => 'gzip, deflate, sdch, br',
  'accept-language' => 'zh-CN,zh;q=0.8',
  'cookie' => 'Phpstorm-c745d3f3=89ec4b1a-8121-4b74-96c1-205dcf37ecd1; _ga=GA1.1.1734007425.1490616064',
)
[ info ] [ PARAM ] array (
)
[ info ] [ RUN ] app\index\controller\Userindex->user_index[ G:\xampp\htdocs\QandA\application\index\controller\Userindex.php ]
[ info ] [ SESSION ] INIT array (
  'id' => '',
  'var_session_id' => '',
  'prefix' => 'think',
  'type' => '',
  'auto_start' => true,
)
[ info ] [ VIEW ] G:\xampp\htdocs\QandA\public/../application/index\view\login\index.html [ array (
) ]
[ info ] [ LOG ] INIT File
---------------------------------------------------------------
[ 2017-08-26T19:47:35+08:00 ] ::1 ::1 GET /QandA/public//css/images/bg5.jpg
[ info ] localhost/QandA/public//css/images/bg5.jpg [运行时间：0.049839s][吞吐率：20.06req/s] [内存消耗：1,034.33kb] [文件加载：28]
[ info ] [ LANG ] G:\xampp\htdocs\QandA\thinkphp\lang\zh-cn.php
[ info ] [ ROUTE ] array (
  'type' => 'module',
  'module' => 
  array (
    0 => 'css',
    1 => 'images',
    2 => 'bg5.jpg',
  ),
)
[ info ] [ HEADER ] array (
  'host' => 'localhost',
  'connection' => 'keep-alive',
  'user-agent' => 'Mozilla/5.0 (Windows NT 6.3; Win64; x64) AppleWebKit/537.36 (KHTML, like Gecko) Chrome/56.0.2924.87 Safari/537.36',
  'accept' => 'image/webp,image/*,*/*;q=0.8',
  'referer' => 'http://localhost/QandA/public//css/login/login.css',
  'accept-encoding' => 'gzip, deflate, sdch, br',
  'accept-language' => 'zh-CN,zh;q=0.8',
  'cookie' => 'Phpstorm-c745d3f3=89ec4b1a-8121-4b74-96c1-205dcf37ecd1; _ga=GA1.1.1734007425.1490616064; PHPSESSID=rse087cuutr1g1rhpp3dfgtjv3',
)
[ info ] [ PARAM ] array (
)
[ info ] [ LOG ] INIT File
---------------------------------------------------------------
[ 2017-08-26T19:47:35+08:00 ] ::1 ::1 GET /QandA/public//fonts/fontawesome-webfont.woff2?v=4.3.0
[ info ] localhost/QandA/public//fonts/fontawesome-webfont.woff2?v=4.3.0 [运行时间：0.044798s][吞吐率：22.32req/s] [内存消耗：1,034.82kb] [文件加载：28]
[ info ] [ LANG ] G:\xampp\htdocs\QandA\thinkphp\lang\zh-cn.php
[ info ] [ ROUTE ] array (
  'type' => 'module',
  'module' => 
  array (
    0 => 'fonts',
    1 => 'fontawesome-webfont.woff2',
    2 => NULL,
  ),
)
[ info ] [ HEADER ] array (
  'host' => 'localhost',
  'connection' => 'keep-alive',
  'user-agent' => 'Mozilla/5.0 (Windows NT 6.3; Win64; x64) AppleWebKit/537.36 (KHTML, like Gecko) Chrome/56.0.2924.87 Safari/537.36',
  'origin' => 'http://localhost',
  'accept' => '*/*',
  'referer' => 'http://localhost/QandA/public//css/planeui.css',
  'accept-encoding' => 'gzip, deflate, sdch, br',
  'accept-language' => 'zh-CN,zh;q=0.8',
  'cookie' => 'Phpstorm-c745d3f3=89ec4b1a-8121-4b74-96c1-205dcf37ecd1; _ga=GA1.1.1734007425.1490616064; PHPSESSID=rse087cuutr1g1rhpp3dfgtjv3',
)
[ info ] [ PARAM ] array (
  'v' => '4.3.0',
)
[ info ] [ LOG ] INIT File
---------------------------------------------------------------
[ 2017-08-26T19:47:35+08:00 ] ::1 ::1 GET /QandA/public//fonts/fontawesome-webfont.woff?v=4.3.0
[ info ] localhost/QandA/public//fonts/fontawesome-webfont.woff?v=4.3.0 [运行时间：0.056599s][吞吐率：17.67req/s] [内存消耗：1,034.87kb] [文件加载：28]
[ info ] [ LANG ] G:\xampp\htdocs\QandA\thinkphp\lang\zh-cn.php
[ info ] [ ROUTE ] array (
  'type' => 'module',
  'module' => 
  array (
    0 => 'fonts',
    1 => 'fontawesome-webfont.woff',
    2 => NULL,
  ),
)
[ info ] [ HEADER ] array (
  'host' => 'localhost',
  'connection' => 'keep-alive',
  'user-agent' => 'Mozilla/5.0 (Windows NT 6.3; Win64; x64) AppleWebKit/537.36 (KHTML, like Gecko) Chrome/56.0.2924.87 Safari/537.36',
  'origin' => 'http://localhost',
  'accept' => '*/*',
  'referer' => 'http://localhost/QandA/public//css/planeui.css',
  'accept-encoding' => 'gzip, deflate, sdch, br',
  'accept-language' => 'zh-CN,zh;q=0.8',
  'cookie' => 'Phpstorm-c745d3f3=89ec4b1a-8121-4b74-96c1-205dcf37ecd1; _ga=GA1.1.1734007425.1490616064; PHPSESSID=rse087cuutr1g1rhpp3dfgtjv3',
)
[ info ] [ PARAM ] array (
  'v' => '4.3.0',
)
[ info ] [ LOG ] INIT File
---------------------------------------------------------------
[ 2017-08-26T19:47:36+08:00 ] ::1 ::1 GET /QandA/public//fonts/fontawesome-webfont.ttf?v=4.3.0
[ info ] localhost/QandA/public//fonts/fontawesome-webfont.ttf?v=4.3.0 [运行时间：0.050109s][吞吐率：19.96req/s] [内存消耗：1,034.87kb] [文件加载：28]
[ info ] [ LANG ] G:\xampp\htdocs\QandA\thinkphp\lang\zh-cn.php
[ info ] [ ROUTE ] array (
  'type' => 'module',
  'module' => 
  array (
    0 => 'fonts',
    1 => 'fontawesome-webfont.ttf',
    2 => NULL,
  ),
)
[ info ] [ HEADER ] array (
  'host' => 'localhost',
  'connection' => 'keep-alive',
  'user-agent' => 'Mozilla/5.0 (Windows NT 6.3; Win64; x64) AppleWebKit/537.36 (KHTML, like Gecko) Chrome/56.0.2924.87 Safari/537.36',
  'origin' => 'http://localhost',
  'accept' => '*/*',
  'referer' => 'http://localhost/QandA/public//css/planeui.css',
  'accept-encoding' => 'gzip, deflate, sdch, br',
  'accept-language' => 'zh-CN,zh;q=0.8',
  'cookie' => 'Phpstorm-c745d3f3=89ec4b1a-8121-4b74-96c1-205dcf37ecd1; _ga=GA1.1.1734007425.1490616064; PHPSESSID=rse087cuutr1g1rhpp3dfgtjv3',
)
[ info ] [ PARAM ] array (
  'v' => '4.3.0',
)
[ info ] [ LOG ] INIT File
---------------------------------------------------------------
[ 2017-08-26T19:47:45+08:00 ] ::1 ::1 POST /QandA/public/index.php/index/login/check.html
[ info ] localhost/QandA/public/index.php/index/login/check.html [运行时间：6.224029s][吞吐率：0.16req/s] [内存消耗：2,360.80kb] [文件加载：42]
[ info ] [ LANG ] G:\xampp\htdocs\QandA\thinkphp\lang\zh-cn.php
[ info ] [ ROUTE ] array (
  'type' => 'module',
  'module' => 
  array (
    0 => 'index',
    1 => 'login',
    2 => 'check',
  ),
)
[ info ] [ HEADER ] array (
  'host' => 'localhost',
  'connection' => 'keep-alive',
  'content-length' => '27',
  'accept' => 'application/json, text/javascript, */*; q=0.01',
  'origin' => 'http://localhost',
  'x-requested-with' => 'XMLHttpRequest',
  'user-agent' => 'Mozilla/5.0 (Windows NT 6.3; Win64; x64) AppleWebKit/537.36 (KHTML, like Gecko) Chrome/56.0.2924.87 Safari/537.36',
  'content-type' => 'application/x-www-form-urlencoded; charset=UTF-8',
  'referer' => 'http://localhost/QandA/public/index.php/index/userindex/user_index.html',
  'accept-encoding' => 'gzip, deflate, br',
  'accept-language' => 'zh-CN,zh;q=0.8',
  'cookie' => 'Phpstorm-c745d3f3=89ec4b1a-8121-4b74-96c1-205dcf37ecd1; _ga=GA1.1.1734007425.1490616064; PHPSESSID=rse087cuutr1g1rhpp3dfgtjv3',
)
[ info ] [ PARAM ] array (
  'username' => 'test',
  'password' => 'test',
)
[ info ] [ RUN ] app\index\controller\Login->check[ G:\xampp\htdocs\QandA\application\index\controller\Login.php ]
[ info ] [ DB ] INIT mysql
[ info ] [ SESSION ] INIT array (
  'id' => '',
  'var_session_id' => '',
  'prefix' => 'think',
  'type' => '',
  'auto_start' => true,
)
[ info ] [ LOG ] INIT File
[ sql ] [ DB ] CONNECT:[ UseTime:6.093843s ] mysql:dbname=question;host=120.77.144.75;port=3306;charset=utf8
[ sql ] [ SQL ] SHOW COLUMNS FROM `user` [ RunTime:0.033114s ]
[ sql ] [ SQL ] SELECT * FROM `user` WHERE  `login_name` = 'test'  AND `pwd` = '098f6bcd4621d373cade4e832627b4f6' LIMIT 1 [ RunTime:0.032737s ]
---------------------------------------------------------------
[ 2017-08-26T19:47:49+08:00 ] ::1 ::1 GET /QandA/public/index.php/index/userindex/user_index.html
[ info ] localhost/QandA/public/index.php/index/userindex/user_index.html [运行时间：2.595371s][吞吐率：0.39req/s] [内存消耗：2,608.32kb] [文件加载：46]
[ info ] [ LANG ] G:\xampp\htdocs\QandA\thinkphp\lang\zh-cn.php
[ info ] [ ROUTE ] array (
  'type' => 'module',
  'module' => 
  array (
    0 => 'index',
    1 => 'userindex',
    2 => 'user_index',
  ),
)
[ info ] [ HEADER ] array (
  'host' => 'localhost',
  'connection' => 'keep-alive',
  'upgrade-insecure-requests' => '1',
  'user-agent' => 'Mozilla/5.0 (Windows NT 6.3; Win64; x64) AppleWebKit/537.36 (KHTML, like Gecko) Chrome/56.0.2924.87 Safari/537.36',
  'accept' => 'text/html,application/xhtml+xml,application/xml;q=0.9,image/webp,*/*;q=0.8',
  'referer' => 'http://localhost/QandA/public/index.php/index/userindex/user_index.html',
  'accept-encoding' => 'gzip, deflate, sdch, br',
  'accept-language' => 'zh-CN,zh;q=0.8',
  'cookie' => 'Phpstorm-c745d3f3=89ec4b1a-8121-4b74-96c1-205dcf37ecd1; _ga=GA1.1.1734007425.1490616064; PHPSESSID=rse087cuutr1g1rhpp3dfgtjv3',
)
[ info ] [ PARAM ] array (
)
[ info ] [ RUN ] app\index\controller\Userindex->user_index[ G:\xampp\htdocs\QandA\application\index\controller\Userindex.php ]
[ info ] [ SESSION ] INIT array (
  'id' => '',
  'var_session_id' => '',
  'prefix' => 'think',
  'type' => '',
  'auto_start' => true,
)
[ info ] [ DB ] INIT mysql
[ info ] [ VIEW ] G:\xampp\htdocs\QandA\public/../application/index\view\userindex\user_index.html [ array (
  0 => 'data',
) ]
[ info ] [ LOG ] INIT File
[ sql ] [ DB ] CONNECT:[ UseTime:2.371675s ] mysql:dbname=question;host=120.77.144.75;port=3306;charset=utf8
[ sql ] [ SQL ] SHOW COLUMNS FROM `user` [ RunTime:0.024465s ]
[ sql ] [ SQL ] SELECT * FROM `user` WHERE  `id` = 1 LIMIT 1 [ RunTime:0.032185s ]
[ sql ] [ SQL ] SELECT * FROM `user` WHERE  `id` = 1 LIMIT 1 [ RunTime:0.025396s ]
[ sql ] [ SQL ] select event_id,event_title,event_description,participant_num,event_num,event_time
      from event, participant
      where participant.refer_event_id=event.event_id
       and participant.user_id=1 [ RunTime:0.030175s ]
[ sql ] [ SQL ] select item_name
            from item
            where item.refer_event_id=34 [ RunTime:0.025736s ]
---------------------------------------------------------------
[ 2017-08-26T19:47:49+08:00 ] ::1 ::1 GET /QandA/public/index.php/index/userindex/img/logo.png
[ info ] localhost/QandA/public/index.php/index/userindex/img/logo.png [运行时间：0.054858s][吞吐率：18.23req/s] [内存消耗：1,317.41kb] [文件加载：35]
[ info ] [ LANG ] G:\xampp\htdocs\QandA\thinkphp\lang\zh-cn.php
[ info ] [ ROUTE ] array (
  'type' => 'module',
  'module' => 
  array (
    0 => 'index',
    1 => 'userindex',
    2 => 'img',
  ),
)
[ info ] [ HEADER ] array (
  'host' => 'localhost',
  'connection' => 'keep-alive',
  'user-agent' => 'Mozilla/5.0 (Windows NT 6.3; Win64; x64) AppleWebKit/537.36 (KHTML, like Gecko) Chrome/56.0.2924.87 Safari/537.36',
  'accept' => 'image/webp,image/*,*/*;q=0.8',
  'referer' => 'http://localhost/QandA/public/index.php/index/userindex/user_index.html',
  'accept-encoding' => 'gzip, deflate, sdch, br',
  'accept-language' => 'zh-CN,zh;q=0.8',
  'cookie' => 'Phpstorm-c745d3f3=89ec4b1a-8121-4b74-96c1-205dcf37ecd1; _ga=GA1.1.1734007425.1490616064; PHPSESSID=rse087cuutr1g1rhpp3dfgtjv3',
)
[ info ] [ PARAM ] array (
)
[ info ] [ LOG ] INIT File
---------------------------------------------------------------
[ 2017-08-26T19:47:54+08:00 ] ::1 ::1 GET /QandA/public/index.php/index/eventmessage/event_message/event_id/34.html
[ info ] localhost/QandA/public/index.php/index/eventmessage/event_message/event_id/34.html [运行时间：0.346970s][吞吐率：2.88req/s] [内存消耗：2,412.53kb] [文件加载：44]
[ info ] [ LANG ] G:\xampp\htdocs\QandA\thinkphp\lang\zh-cn.php
[ info ] [ ROUTE ] array (
  'type' => 'module',
  'module' => 
  array (
    0 => 'index',
    1 => 'eventmessage',
    2 => 'event_message',
  ),
)
[ info ] [ HEADER ] array (
  'host' => 'localhost',
  'connection' => 'keep-alive',
  'upgrade-insecure-requests' => '1',
  'user-agent' => 'Mozilla/5.0 (Windows NT 6.3; Win64; x64) AppleWebKit/537.36 (KHTML, like Gecko) Chrome/56.0.2924.87 Safari/537.36',
  'accept' => 'text/html,application/xhtml+xml,application/xml;q=0.9,image/webp,*/*;q=0.8',
  'referer' => 'http://localhost/QandA/public/index.php/index/userindex/user_index.html',
  'accept-encoding' => 'gzip, deflate, sdch, br',
  'accept-language' => 'zh-CN,zh;q=0.8',
  'cookie' => 'Phpstorm-c745d3f3=89ec4b1a-8121-4b74-96c1-205dcf37ecd1; _ga=GA1.1.1734007425.1490616064; PHPSESSID=rse087cuutr1g1rhpp3dfgtjv3',
)
[ info ] [ PARAM ] array (
  'event_id' => '34',
)
[ info ] [ RUN ] app\index\controller\Eventmessage->event_message[ G:\xampp\htdocs\QandA\application\index\controller\Eventmessage.php ]
[ info ] [ SESSION ] INIT array (
  'id' => '',
  'var_session_id' => '',
  'prefix' => 'think',
  'type' => '',
  'auto_start' => true,
)
[ info ] [ DB ] INIT mysql
[ info ] [ VIEW ] G:\xampp\htdocs\QandA\public/../application/index\view\eventmessage\event_message.html [ array (
  0 => 'data',
) ]
[ info ] [ LOG ] INIT File
[ sql ] [ DB ] CONNECT:[ UseTime:0.090753s ] mysql:dbname=question;host=120.77.144.75;port=3306;charset=utf8
[ sql ] [ SQL ] SHOW COLUMNS FROM `event` [ RunTime:0.031660s ]
[ sql ] [ SQL ] SELECT `event_id`,`event_title`,`event_description`,`event_time`,`event_num`,`event_type`,`answer_time`,`credit_rule` FROM `event` WHERE  `event_id` = 34 [ RunTime:0.031450s ]
[ sql ] [ SQL ] SHOW COLUMNS FROM `item` [ RunTime:0.033673s ]
[ sql ] [ SQL ] SELECT * FROM `item` WHERE  `refer_event_id` = 34 LIMIT 1 [ RunTime:0.030974s ]
[ sql ] [ SQL ] select credit,team_credit
      from participant,team
      where participant.user_id=1 and participant.refer_event_id=34 and participant.team_id=team.team_id [ RunTime:0.030791s ]
---------------------------------------------------------------
[ 2017-08-26T19:48:23+08:00 ] ::1 ::1 GET /QandA/public/index.php/index/eventmessage/event_message/event_id/34.html
[ info ] localhost/QandA/public/index.php/index/eventmessage/event_message/event_id/34.html [运行时间：0.270798s][吞吐率：3.69req/s] [内存消耗：2,412.44kb] [文件加载：44]
[ info ] [ LANG ] G:\xampp\htdocs\QandA\thinkphp\lang\zh-cn.php
[ info ] [ ROUTE ] array (
  'type' => 'module',
  'module' => 
  array (
    0 => 'index',
    1 => 'eventmessage',
    2 => 'event_message',
  ),
)
[ info ] [ HEADER ] array (
  'host' => 'localhost',
  'connection' => 'keep-alive',
  'cache-control' => 'max-age=0',
  'upgrade-insecure-requests' => '1',
  'user-agent' => 'Mozilla/5.0 (Windows NT 6.3; Win64; x64) AppleWebKit/537.36 (KHTML, like Gecko) Chrome/56.0.2924.87 Safari/537.36',
  'accept' => 'text/html,application/xhtml+xml,application/xml;q=0.9,image/webp,*/*;q=0.8',
  'referer' => 'http://localhost/QandA/public/index.php/index/userindex/user_index.html',
  'accept-encoding' => 'gzip, deflate, sdch, br',
  'accept-language' => 'zh-CN,zh;q=0.8',
  'cookie' => 'Phpstorm-c745d3f3=89ec4b1a-8121-4b74-96c1-205dcf37ecd1; _ga=GA1.1.1734007425.1490616064; PHPSESSID=rse087cuutr1g1rhpp3dfgtjv3',
)
[ info ] [ PARAM ] array (
  'event_id' => '34',
)
[ info ] [ RUN ] app\index\controller\Eventmessage->event_message[ G:\xampp\htdocs\QandA\application\index\controller\Eventmessage.php ]
[ info ] [ SESSION ] INIT array (
  'id' => '',
  'var_session_id' => '',
  'prefix' => 'think',
  'type' => '',
  'auto_start' => true,
)
[ info ] [ DB ] INIT mysql
[ info ] [ VIEW ] G:\xampp\htdocs\QandA\public/../application/index\view\eventmessage\event_message.html [ array (
  0 => 'data',
) ]
[ info ] [ LOG ] INIT File
[ sql ] [ DB ] CONNECT:[ UseTime:0.047758s ] mysql:dbname=question;host=120.77.144.75;port=3306;charset=utf8
[ sql ] [ SQL ] SHOW COLUMNS FROM `event` [ RunTime:0.031680s ]
[ sql ] [ SQL ] SELECT `event_id`,`event_title`,`event_description`,`event_time`,`event_num`,`event_type`,`answer_time`,`credit_rule` FROM `event` WHERE  `event_id` = 34 [ RunTime:0.031207s ]
[ sql ] [ SQL ] SHOW COLUMNS FROM `item` [ RunTime:0.030710s ]
[ sql ] [ SQL ] SELECT * FROM `item` WHERE  `refer_event_id` = 34 LIMIT 1 [ RunTime:0.036978s ]
[ sql ] [ SQL ] select credit,team_credit
      from participant,team
      where participant.user_id=1 and participant.refer_event_id=34 and participant.team_id=team.team_id [ RunTime:0.033199s ]
