---------------------------------------------------------------
[ 2017-08-28T10:32:23+08:00 ] ::1 ::1 GET /QandA/public/index.php/answer/useranswer
[ info ] localhost/QandA/public/index.php/answer/useranswer [è¿è¡Œæ—¶é—´ï¼š0.035264s][ååç‡ï¼š28.36req/s] [å†…å­˜æ¶ˆè€—ï¼š1,070.62kb] [æ–‡ä»¶åŠ è½½ï¼š29]
[ info ] [ LANG ] G:\xampp\htdocs\QandA\thinkphp\lang\zh-cn.php
[ info ] [ ROUTE ] array (
  'type' => 'module',
  'module' => 
  array (
    0 => 'problem_manage',
    1 => 'AnswerController',
    2 => 'getuseranswer',
  ),
  'convert' => false,
)
[ info ] [ HEADER ] array (
  'host' => 'localhost',
  'connection' => 'keep-alive',
  'upgrade-insecure-requests' => '1',
  'user-agent' => 'Mozilla/5.0 (Windows NT 6.3; Win64; x64) AppleWebKit/537.36 (KHTML, like Gecko) Chrome/56.0.2924.87 Safari/537.36',
  'accept' => 'text/html,application/xhtml+xml,application/xml;q=0.9,image/webp,*/*;q=0.8',
  'accept-encoding' => 'gzip, deflate, sdch, br',
  'accept-language' => 'zh-CN,zh;q=0.8',
  'cookie' => 'Phpstorm-c745d3f3=89ec4b1a-8121-4b74-96c1-205dcf37ecd1; _ga=GA1.1.1734007425.1490616064',
)
[ info ] [ PARAM ] array (
  'action' => 'useranswer',
)
[ info ] [ LOG ] INIT File
[ error ] [4]è¯­æ³•é”™è¯¯: unexpected 'Return' (T_RETURN)[G:\xampp\htdocs\QandA\application\problem_manage\controller\AnswerController.php:79]
---------------------------------------------------------------
[ 2017-08-28T10:34:33+08:00 ] ::1 ::1 GET /QandA/public/index.php/problem/UserProblem
[ info ] localhost/QandA/public/index.php/problem/UserProblem [è¿è¡Œæ—¶é—´ï¼š0.073145s][ååç‡ï¼š13.67req/s] [å†…å­˜æ¶ˆè€—ï¼š2,370.19kb] [æ–‡ä»¶åŠ è½½ï¼š43]
[ info ] [ LANG ] G:\xampp\htdocs\QandA\thinkphp\lang\zh-cn.php
[ info ] [ ROUTE ] array (
  'type' => 'module',
  'module' => 
  array (
    0 => 'problem_manage',
    1 => 'ProblemController',
    2 => 'getUserProblem',
  ),
  'convert' => false,
)
[ info ] [ HEADER ] array (
  'host' => 'localhost',
  'connection' => 'keep-alive',
  'upgrade-insecure-requests' => '1',
  'user-agent' => 'Mozilla/5.0 (Windows NT 6.3; Win64; x64) AppleWebKit/537.36 (KHTML, like Gecko) Chrome/56.0.2924.87 Safari/537.36',
  'accept' => 'text/html,application/xhtml+xml,application/xml;q=0.9,image/webp,*/*;q=0.8',
  'accept-encoding' => 'gzip, deflate, sdch, br',
  'accept-language' => 'zh-CN,zh;q=0.8',
  'cookie' => 'Phpstorm-c745d3f3=89ec4b1a-8121-4b74-96c1-205dcf37ecd1; _ga=GA1.1.1734007425.1490616064',
)
[ info ] [ PARAM ] array (
  'action' => 'UserProblem',
)
[ info ] [ DB ] INIT mysql
[ info ] [ RUN ] app\problem_manage\controller\ProblemController->getUserProblem[ G:\xampp\htdocs\QandA\application\problem_manage\controller\ProblemController.php ]
[ info ] [ LOG ] INIT File
[ error ] [2002]SQLSTATE[HY000] [2002] Ì×½Ó×Ö²Ù×÷³¢ÊÔÒ»¸öÎŞ·¨Á¬½ÓµÄÖ÷»ú¡£
[G:\xampp\htdocs\QandA\thinkphp\library\think\db\Connection.php:293]
---------------------------------------------------------------
[ 2017-08-28T10:34:49+08:00 ] ::1 ::1 GET /QandA/public/index.php/problem/favicon.png
[ info ] localhost/QandA/public/index.php/problem/favicon.png [è¿è¡Œæ—¶é—´ï¼š0.055435s][ååç‡ï¼š18.04req/s] [å†…å­˜æ¶ˆè€—ï¼š2,363.83kb] [æ–‡ä»¶åŠ è½½ï¼š44]
[ info ] [ LANG ] G:\xampp\htdocs\QandA\thinkphp\lang\zh-cn.php
[ info ] [ ROUTE ] array (
  'type' => 'module',
  'module' => 
  array (
    0 => 'problem_manage',
    1 => 'ProblemController',
    2 => 'getfavicon.png',
  ),
  'convert' => false,
)
[ info ] [ HEADER ] array (
  'host' => 'localhost',
  'connection' => 'keep-alive',
  'user-agent' => 'Mozilla/5.0 (Windows NT 6.3; Win64; x64) AppleWebKit/537.36 (KHTML, like Gecko) Chrome/56.0.2924.87 Safari/537.36',
  'accept' => 'image/webp,image/*,*/*;q=0.8',
  'referer' => 'http://localhost/QandA/public/index.php/problem/UserProblem',
  'accept-encoding' => 'gzip, deflate, sdch, br',
  'accept-language' => 'zh-CN,zh;q=0.8',
  'cookie' => 'Phpstorm-c745d3f3=89ec4b1a-8121-4b74-96c1-205dcf37ecd1; _ga=GA1.1.1734007425.1490616064',
)
[ info ] [ PARAM ] array (
  'action' => 'favicon.png',
)
[ info ] [ DB ] INIT mysql
[ info ] [ LOG ] INIT File
---------------------------------------------------------------
[ 2017-08-28T10:34:58+08:00 ] ::1 ::1 POST /QandA/public/index.php/answer/SubmitAnswer
[ info ] localhost/QandA/public/index.php/answer/SubmitAnswer [è¿è¡Œæ—¶é—´ï¼š0.029948s][ååç‡ï¼š33.39req/s] [å†…å­˜æ¶ˆè€—ï¼š1,072.85kb] [æ–‡ä»¶åŠ è½½ï¼š29]
[ info ] [ LANG ] G:\xampp\htdocs\QandA\thinkphp\lang\zh-cn.php
[ info ] [ ROUTE ] array (
  'type' => 'module',
  'module' => 
  array (
    0 => 'problem_manage',
    1 => 'AnswerController',
    2 => 'postSubmitAnswer',
  ),
  'convert' => false,
)
[ info ] [ HEADER ] array (
  'host' => 'localhost',
  'connection' => 'keep-alive',
  'content-length' => '308',
  'accept' => 'application/json, text/javascript, */*; q=0.01',
  'origin' => 'http://localhost',
  'x-requested-with' => 'XMLHttpRequest',
  'user-agent' => 'Mozilla/5.0 (Windows NT 6.3; Win64; x64) AppleWebKit/537.36 (KHTML, like Gecko) Chrome/56.0.2924.87 Safari/537.36',
  'content-type' => 'application/x-www-form-urlencoded; charset=UTF-8',
  'referer' => 'http://localhost/QandA/public/index.php/problem/UserProblem',
  'accept-encoding' => 'gzip, deflate, br',
  'accept-language' => 'zh-CN,zh;q=0.8',
  'cookie' => 'Phpstorm-c745d3f3=89ec4b1a-8121-4b74-96c1-205dcf37ecd1; _ga=GA1.1.1734007425.1490616064',
)
[ info ] [ PARAM ] array (
  'single' => 
  array (
    0 => 
    array (
      'problem_id' => '127',
      'q_id' => 'c',
    ),
    1 => 
    array (
      'problem_id' => '128',
      'q_id' => 'd',
    ),
    2 => 
    array (
      'problem_id' => '123',
    ),
  ),
  'multi' => 
  array (
    0 => 
    array (
      'problem_id' => '124',
      'q_id' => 
      array (
        0 => 'b',
        1 => 'd',
      ),
    ),
  ),
  'judge' => 
  array (
    0 => 
    array (
      'problem_id' => '124',
      'answer' => '1',
    ),
  ),
  'action' => 'SubmitAnswer',
)
[ info ] [ LOG ] INIT File
[ error ] [4]è¯­æ³•é”™è¯¯: unexpected 'Return' (T_RETURN)[G:\xampp\htdocs\QandA\application\problem_manage\controller\AnswerController.php:79]
---------------------------------------------------------------
[ 2017-08-28T10:35:01+08:00 ] ::1 ::1 POST /QandA/public/index.php/answer/SubmitAnswer
[ info ] localhost/QandA/public/index.php/answer/SubmitAnswer [è¿è¡Œæ—¶é—´ï¼š0.028728s][ååç‡ï¼š34.81req/s] [å†…å­˜æ¶ˆè€—ï¼š1,072.85kb] [æ–‡ä»¶åŠ è½½ï¼š29]
[ info ] [ LANG ] G:\xampp\htdocs\QandA\thinkphp\lang\zh-cn.php
[ info ] [ ROUTE ] array (
  'type' => 'module',
  'module' => 
  array (
    0 => 'problem_manage',
    1 => 'AnswerController',
    2 => 'postSubmitAnswer',
  ),
  'convert' => false,
)
[ info ] [ HEADER ] array (
  'host' => 'localhost',
  'connection' => 'keep-alive',
  'content-length' => '308',
  'accept' => 'application/json, text/javascript, */*; q=0.01',
  'origin' => 'http://localhost',
  'x-requested-with' => 'XMLHttpRequest',
  'user-agent' => 'Mozilla/5.0 (Windows NT 6.3; Win64; x64) AppleWebKit/537.36 (KHTML, like Gecko) Chrome/56.0.2924.87 Safari/537.36',
  'content-type' => 'application/x-www-form-urlencoded; charset=UTF-8',
  'referer' => 'http://localhost/QandA/public/index.php/problem/UserProblem',
  'accept-encoding' => 'gzip, deflate, br',
  'accept-language' => 'zh-CN,zh;q=0.8',
  'cookie' => 'Phpstorm-c745d3f3=89ec4b1a-8121-4b74-96c1-205dcf37ecd1; _ga=GA1.1.1734007425.1490616064',
)
[ info ] [ PARAM ] array (
  'single' => 
  array (
    0 => 
    array (
      'problem_id' => '127',
      'q_id' => 'c',
    ),
    1 => 
    array (
      'problem_id' => '128',
      'q_id' => 'd',
    ),
    2 => 
    array (
      'problem_id' => '123',
    ),
  ),
  'multi' => 
  array (
    0 => 
    array (
      'problem_id' => '124',
      'q_id' => 
      array (
        0 => 'b',
        1 => 'd',
      ),
    ),
  ),
  'judge' => 
  array (
    0 => 
    array (
      'problem_id' => '124',
      'answer' => '1',
    ),
  ),
  'action' => 'SubmitAnswer',
)
[ info ] [ LOG ] INIT File
[ error ] [4]è¯­æ³•é”™è¯¯: unexpected 'Return' (T_RETURN)[G:\xampp\htdocs\QandA\application\problem_manage\controller\AnswerController.php:79]
---------------------------------------------------------------
[ 2017-08-28T10:35:01+08:00 ] ::1 ::1 POST /QandA/public/index.php/answer/SubmitAnswer
[ info ] localhost/QandA/public/index.php/answer/SubmitAnswer [è¿è¡Œæ—¶é—´ï¼š0.028303s][ååç‡ï¼š35.33req/s] [å†…å­˜æ¶ˆè€—ï¼š1,072.85kb] [æ–‡ä»¶åŠ è½½ï¼š29]
[ info ] [ LANG ] G:\xampp\htdocs\QandA\thinkphp\lang\zh-cn.php
[ info ] [ ROUTE ] array (
  'type' => 'module',
  'module' => 
  array (
    0 => 'problem_manage',
    1 => 'AnswerController',
    2 => 'postSubmitAnswer',
  ),
  'convert' => false,
)
[ info ] [ HEADER ] array (
  'host' => 'localhost',
  'connection' => 'keep-alive',
  'content-length' => '308',
  'accept' => 'application/json, text/javascript, */*; q=0.01',
  'origin' => 'http://localhost',
  'x-requested-with' => 'XMLHttpRequest',
  'user-agent' => 'Mozilla/5.0 (Windows NT 6.3; Win64; x64) AppleWebKit/537.36 (KHTML, like Gecko) Chrome/56.0.2924.87 Safari/537.36',
  'content-type' => 'application/x-www-form-urlencoded; charset=UTF-8',
  'referer' => 'http://localhost/QandA/public/index.php/problem/UserProblem',
  'accept-encoding' => 'gzip, deflate, br',
  'accept-language' => 'zh-CN,zh;q=0.8',
  'cookie' => 'Phpstorm-c745d3f3=89ec4b1a-8121-4b74-96c1-205dcf37ecd1; _ga=GA1.1.1734007425.1490616064',
)
[ info ] [ PARAM ] array (
  'single' => 
  array (
    0 => 
    array (
      'problem_id' => '127',
      'q_id' => 'c',
    ),
    1 => 
    array (
      'problem_id' => '128',
      'q_id' => 'd',
    ),
    2 => 
    array (
      'problem_id' => '123',
    ),
  ),
  'multi' => 
  array (
    0 => 
    array (
      'problem_id' => '124',
      'q_id' => 
      array (
        0 => 'b',
        1 => 'd',
      ),
    ),
  ),
  'judge' => 
  array (
    0 => 
    array (
      'problem_id' => '124',
      'answer' => '1',
    ),
  ),
  'action' => 'SubmitAnswer',
)
[ info ] [ LOG ] INIT File
[ error ] [4]è¯­æ³•é”™è¯¯: unexpected 'Return' (T_RETURN)[G:\xampp\htdocs\QandA\application\problem_manage\controller\AnswerController.php:79]
---------------------------------------------------------------
[ 2017-08-28T10:35:01+08:00 ] ::1 ::1 POST /QandA/public/index.php/answer/SubmitAnswer
[ info ] localhost/QandA/public/index.php/answer/SubmitAnswer [è¿è¡Œæ—¶é—´ï¼š0.028756s][ååç‡ï¼š34.78req/s] [å†…å­˜æ¶ˆè€—ï¼š1,072.85kb] [æ–‡ä»¶åŠ è½½ï¼š29]
[ info ] [ LANG ] G:\xampp\htdocs\QandA\thinkphp\lang\zh-cn.php
[ info ] [ ROUTE ] array (
  'type' => 'module',
  'module' => 
  array (
    0 => 'problem_manage',
    1 => 'AnswerController',
    2 => 'postSubmitAnswer',
  ),
  'convert' => false,
)
[ info ] [ HEADER ] array (
  'host' => 'localhost',
  'connection' => 'keep-alive',
  'content-length' => '308',
  'accept' => 'application/json, text/javascript, */*; q=0.01',
  'origin' => 'http://localhost',
  'x-requested-with' => 'XMLHttpRequest',
  'user-agent' => 'Mozilla/5.0 (Windows NT 6.3; Win64; x64) AppleWebKit/537.36 (KHTML, like Gecko) Chrome/56.0.2924.87 Safari/537.36',
  'content-type' => 'application/x-www-form-urlencoded; charset=UTF-8',
  'referer' => 'http://localhost/QandA/public/index.php/problem/UserProblem',
  'accept-encoding' => 'gzip, deflate, br',
  'accept-language' => 'zh-CN,zh;q=0.8',
  'cookie' => 'Phpstorm-c745d3f3=89ec4b1a-8121-4b74-96c1-205dcf37ecd1; _ga=GA1.1.1734007425.1490616064',
)
[ info ] [ PARAM ] array (
  'single' => 
  array (
    0 => 
    array (
      'problem_id' => '127',
      'q_id' => 'c',
    ),
    1 => 
    array (
      'problem_id' => '128',
      'q_id' => 'd',
    ),
    2 => 
    array (
      'problem_id' => '123',
    ),
  ),
  'multi' => 
  array (
    0 => 
    array (
      'problem_id' => '124',
      'q_id' => 
      array (
        0 => 'b',
        1 => 'd',
      ),
    ),
  ),
  'judge' => 
  array (
    0 => 
    array (
      'problem_id' => '124',
      'answer' => '1',
    ),
  ),
  'action' => 'SubmitAnswer',
)
[ info ] [ LOG ] INIT File
[ error ] [4]è¯­æ³•é”™è¯¯: unexpected 'Return' (T_RETURN)[G:\xampp\htdocs\QandA\application\problem_manage\controller\AnswerController.php:79]
---------------------------------------------------------------
[ 2017-08-28T10:35:01+08:00 ] ::1 ::1 POST /QandA/public/index.php/answer/SubmitAnswer
[ info ] localhost/QandA/public/index.php/answer/SubmitAnswer [è¿è¡Œæ—¶é—´ï¼š0.028476s][ååç‡ï¼š35.12req/s] [å†…å­˜æ¶ˆè€—ï¼š1,072.85kb] [æ–‡ä»¶åŠ è½½ï¼š29]
[ info ] [ LANG ] G:\xampp\htdocs\QandA\thinkphp\lang\zh-cn.php
[ info ] [ ROUTE ] array (
  'type' => 'module',
  'module' => 
  array (
    0 => 'problem_manage',
    1 => 'AnswerController',
    2 => 'postSubmitAnswer',
  ),
  'convert' => false,
)
[ info ] [ HEADER ] array (
  'host' => 'localhost',
  'connection' => 'keep-alive',
  'content-length' => '308',
  'accept' => 'application/json, text/javascript, */*; q=0.01',
  'origin' => 'http://localhost',
  'x-requested-with' => 'XMLHttpRequest',
  'user-agent' => 'Mozilla/5.0 (Windows NT 6.3; Win64; x64) AppleWebKit/537.36 (KHTML, like Gecko) Chrome/56.0.2924.87 Safari/537.36',
  'content-type' => 'application/x-www-form-urlencoded; charset=UTF-8',
  'referer' => 'http://localhost/QandA/public/index.php/problem/UserProblem',
  'accept-encoding' => 'gzip, deflate, br',
  'accept-language' => 'zh-CN,zh;q=0.8',
  'cookie' => 'Phpstorm-c745d3f3=89ec4b1a-8121-4b74-96c1-205dcf37ecd1; _ga=GA1.1.1734007425.1490616064',
)
[ info ] [ PARAM ] array (
  'single' => 
  array (
    0 => 
    array (
      'problem_id' => '127',
      'q_id' => 'c',
    ),
    1 => 
    array (
      'problem_id' => '128',
      'q_id' => 'd',
    ),
    2 => 
    array (
      'problem_id' => '123',
    ),
  ),
  'multi' => 
  array (
    0 => 
    array (
      'problem_id' => '124',
      'q_id' => 
      array (
        0 => 'b',
        1 => 'd',
      ),
    ),
  ),
  'judge' => 
  array (
    0 => 
    array (
      'problem_id' => '124',
      'answer' => '1',
    ),
  ),
  'action' => 'SubmitAnswer',
)
[ info ] [ LOG ] INIT File
[ error ] [4]è¯­æ³•é”™è¯¯: unexpected 'Return' (T_RETURN)[G:\xampp\htdocs\QandA\application\problem_manage\controller\AnswerController.php:79]
---------------------------------------------------------------
[ 2017-08-28T11:18:46+08:00 ] ::1 ::1 POST /QandA/public/index.php/answer/SubmitAnswer
[ info ] localhost/QandA/public/index.php/answer/SubmitAnswer [è¿è¡Œæ—¶é—´ï¼š0.032960s][ååç‡ï¼š30.34req/s] [å†…å­˜æ¶ˆè€—ï¼š1,072.84kb] [æ–‡ä»¶åŠ è½½ï¼š29]
[ info ] [ LANG ] G:\xampp\htdocs\QandA\thinkphp\lang\zh-cn.php
[ info ] [ ROUTE ] array (
  'type' => 'module',
  'module' => 
  array (
    0 => 'problem_manage',
    1 => 'AnswerController',
    2 => 'postSubmitAnswer',
  ),
  'convert' => false,
)
[ info ] [ HEADER ] array (
  'host' => 'localhost',
  'connection' => 'keep-alive',
  'content-length' => '308',
  'accept' => 'application/json, text/javascript, */*; q=0.01',
  'origin' => 'http://localhost',
  'x-requested-with' => 'XMLHttpRequest',
  'user-agent' => 'Mozilla/5.0 (Windows NT 6.3; Win64; x64) AppleWebKit/537.36 (KHTML, like Gecko) Chrome/56.0.2924.87 Safari/537.36',
  'content-type' => 'application/x-www-form-urlencoded; charset=UTF-8',
  'referer' => 'http://localhost/QandA/public/index.php/problem/UserProblem',
  'accept-encoding' => 'gzip, deflate, br',
  'accept-language' => 'zh-CN,zh;q=0.8',
  'cookie' => 'Phpstorm-c745d3f3=89ec4b1a-8121-4b74-96c1-205dcf37ecd1; _ga=GA1.1.1734007425.1490616064',
)
[ info ] [ PARAM ] array (
  'single' => 
  array (
    0 => 
    array (
      'problem_id' => '123',
      'q_id' => 'f',
    ),
    1 => 
    array (
      'problem_id' => '129',
      'q_id' => 'c',
    ),
    2 => 
    array (
      'problem_id' => '128',
    ),
  ),
  'multi' => 
  array (
    0 => 
    array (
      'problem_id' => '124',
      'q_id' => 
      array (
        0 => 'c',
        1 => 'a',
      ),
    ),
  ),
  'judge' => 
  array (
    0 => 
    array (
      'problem_id' => '124',
      'answer' => '0',
    ),
  ),
  'action' => 'SubmitAnswer',
)
[ info ] [ LOG ] INIT File
[ error ] [4]è¯­æ³•é”™è¯¯: unexpected '$res' (T_VARIABLE)[G:\xampp\htdocs\QandA\application\problem_manage\controller\AnswerController.php:79]
---------------------------------------------------------------
[ 2017-08-28T11:34:37+08:00 ] ::1 ::1 GET /QandA/public/index.php/index/userindex/user_index.html
[ info ] localhost/QandA/public/index.php/index/userindex/user_index.html [è¿è¡Œæ—¶é—´ï¼š0.039882s][ååç‡ï¼š25.07req/s] [å†…å­˜æ¶ˆè€—ï¼š1,348.59kb] [æ–‡ä»¶åŠ è½½ï¼š34]
[ info ] [ LANG ] G:\xampp\htdocs\QandA\thinkphp\lang\zh-cn.php
[ info ] [ ROUTE ] array (
  'type' => 'module',
  'module' => 
  array (
    0 => 'index',
    1 => 'userindex',
    2 => 'user_index',
  ),
)
[ info ] [ HEADER ] array (
  'host' => 'localhost',
  'connection' => 'keep-alive',
  'upgrade-insecure-requests' => '1',
  'user-agent' => 'Mozilla/5.0 (Windows NT 6.3; Win64; x64) AppleWebKit/537.36 (KHTML, like Gecko) Chrome/56.0.2924.87 Safari/537.36',
  'accept' => 'text/html,application/xhtml+xml,application/xml;q=0.9,image/webp,*/*;q=0.8',
  'accept-encoding' => 'gzip, deflate, sdch, br',
  'accept-language' => 'zh-CN,zh;q=0.8',
  'cookie' => 'Phpstorm-c745d3f3=89ec4b1a-8121-4b74-96c1-205dcf37ecd1; _ga=GA1.1.1734007425.1490616064',
)
[ info ] [ PARAM ] array (
)
[ info ] [ RUN ] app\index\controller\Userindex->user_index[ G:\xampp\htdocs\QandA\application\index\controller\Userindex.php ]
[ info ] [ SESSION ] INIT array (
  'id' => '',
  'var_session_id' => '',
  'prefix' => 'think',
  'type' => '',
  'auto_start' => true,
)
[ info ] [ VIEW ] G:\xampp\htdocs\QandA\public/../application/index\view\login\index.html [ array (
) ]
[ info ] [ LOG ] INIT File
---------------------------------------------------------------
[ 2017-08-28T11:34:38+08:00 ] ::1 ::1 GET /QandA/public//fonts/fontawesome-webfont.woff2?v=4.3.0
[ info ] localhost/QandA/public//fonts/fontawesome-webfont.woff2?v=4.3.0 [è¿è¡Œæ—¶é—´ï¼š0.038108s][ååç‡ï¼š26.24req/s] [å†…å­˜æ¶ˆè€—ï¼š1,036.84kb] [æ–‡ä»¶åŠ è½½ï¼š28]
[ info ] [ LANG ] G:\xampp\htdocs\QandA\thinkphp\lang\zh-cn.php
[ info ] [ ROUTE ] array (
  'type' => 'module',
  'module' => 
  array (
    0 => 'fonts',
    1 => 'fontawesome-webfont.woff2',
    2 => NULL,
  ),
)
[ info ] [ HEADER ] array (
  'host' => 'localhost',
  'connection' => 'keep-alive',
  'origin' => 'http://localhost',
  'user-agent' => 'Mozilla/5.0 (Windows NT 6.3; Win64; x64) AppleWebKit/537.36 (KHTML, like Gecko) Chrome/56.0.2924.87 Safari/537.36',
  'accept' => '*/*',
  'referer' => 'http://localhost/QandA/public//css/planeui.css',
  'accept-encoding' => 'gzip, deflate, sdch, br',
  'accept-language' => 'zh-CN,zh;q=0.8',
  'cookie' => 'Phpstorm-c745d3f3=89ec4b1a-8121-4b74-96c1-205dcf37ecd1; _ga=GA1.1.1734007425.1490616064; PHPSESSID=msnliposlbmfde7mofr0dq77s3',
)
[ info ] [ PARAM ] array (
  'v' => '4.3.0',
)
[ info ] [ LOG ] INIT File
---------------------------------------------------------------
[ 2017-08-28T11:34:38+08:00 ] ::1 ::1 GET /QandA/public//css/images/bg5.jpg
[ info ] localhost/QandA/public//css/images/bg5.jpg [è¿è¡Œæ—¶é—´ï¼š0.044598s][ååç‡ï¼š22.42req/s] [å†…å­˜æ¶ˆè€—ï¼š1,036.34kb] [æ–‡ä»¶åŠ è½½ï¼š28]
[ info ] [ LANG ] G:\xampp\htdocs\QandA\thinkphp\lang\zh-cn.php
[ info ] [ ROUTE ] array (
  'type' => 'module',
  'module' => 
  array (
    0 => 'css',
    1 => 'images',
    2 => 'bg5.jpg',
  ),
)
[ info ] [ HEADER ] array (
  'host' => 'localhost',
  'connection' => 'keep-alive',
  'user-agent' => 'Mozilla/5.0 (Windows NT 6.3; Win64; x64) AppleWebKit/537.36 (KHTML, like Gecko) Chrome/56.0.2924.87 Safari/537.36',
  'accept' => 'image/webp,image/*,*/*;q=0.8',
  'referer' => 'http://localhost/QandA/public//css/login/login.css',
  'accept-encoding' => 'gzip, deflate, sdch, br',
  'accept-language' => 'zh-CN,zh;q=0.8',
  'cookie' => 'Phpstorm-c745d3f3=89ec4b1a-8121-4b74-96c1-205dcf37ecd1; _ga=GA1.1.1734007425.1490616064; PHPSESSID=msnliposlbmfde7mofr0dq77s3',
)
[ info ] [ PARAM ] array (
)
[ info ] [ LOG ] INIT File
---------------------------------------------------------------
[ 2017-08-28T11:34:38+08:00 ] ::1 ::1 GET /QandA/public//fonts/fontawesome-webfont.woff?v=4.3.0
[ info ] localhost/QandA/public//fonts/fontawesome-webfont.woff?v=4.3.0 [è¿è¡Œæ—¶é—´ï¼š0.046736s][ååç‡ï¼š21.40req/s] [å†…å­˜æ¶ˆè€—ï¼š1,036.83kb] [æ–‡ä»¶åŠ è½½ï¼š28]
[ info ] [ LANG ] G:\xampp\htdocs\QandA\thinkphp\lang\zh-cn.php
[ info ] [ ROUTE ] array (
  'type' => 'module',
  'module' => 
  array (
    0 => 'fonts',
    1 => 'fontawesome-webfont.woff',
    2 => NULL,
  ),
)
[ info ] [ HEADER ] array (
  'host' => 'localhost',
  'connection' => 'keep-alive',
  'origin' => 'http://localhost',
  'user-agent' => 'Mozilla/5.0 (Windows NT 6.3; Win64; x64) AppleWebKit/537.36 (KHTML, like Gecko) Chrome/56.0.2924.87 Safari/537.36',
  'accept' => '*/*',
  'referer' => 'http://localhost/QandA/public//css/planeui.css',
  'accept-encoding' => 'gzip, deflate, sdch, br',
  'accept-language' => 'zh-CN,zh;q=0.8',
  'cookie' => 'Phpstorm-c745d3f3=89ec4b1a-8121-4b74-96c1-205dcf37ecd1; _ga=GA1.1.1734007425.1490616064; PHPSESSID=msnliposlbmfde7mofr0dq77s3',
)
[ info ] [ PARAM ] array (
  'v' => '4.3.0',
)
[ info ] [ LOG ] INIT File
---------------------------------------------------------------
[ 2017-08-28T11:34:38+08:00 ] ::1 ::1 GET /QandA/public//fonts/fontawesome-webfont.ttf?v=4.3.0
[ info ] localhost/QandA/public//fonts/fontawesome-webfont.ttf?v=4.3.0 [è¿è¡Œæ—¶é—´ï¼š0.037373s][ååç‡ï¼š26.76req/s] [å†…å­˜æ¶ˆè€—ï¼š1,036.84kb] [æ–‡ä»¶åŠ è½½ï¼š28]
[ info ] [ LANG ] G:\xampp\htdocs\QandA\thinkphp\lang\zh-cn.php
[ info ] [ ROUTE ] array (
  'type' => 'module',
  'module' => 
  array (
    0 => 'fonts',
    1 => 'fontawesome-webfont.ttf',
    2 => NULL,
  ),
)
[ info ] [ HEADER ] array (
  'host' => 'localhost',
  'connection' => 'keep-alive',
  'origin' => 'http://localhost',
  'user-agent' => 'Mozilla/5.0 (Windows NT 6.3; Win64; x64) AppleWebKit/537.36 (KHTML, like Gecko) Chrome/56.0.2924.87 Safari/537.36',
  'accept' => '*/*',
  'referer' => 'http://localhost/QandA/public//css/planeui.css',
  'accept-encoding' => 'gzip, deflate, sdch, br',
  'accept-language' => 'zh-CN,zh;q=0.8',
  'cookie' => 'Phpstorm-c745d3f3=89ec4b1a-8121-4b74-96c1-205dcf37ecd1; _ga=GA1.1.1734007425.1490616064; PHPSESSID=msnliposlbmfde7mofr0dq77s3',
)
[ info ] [ PARAM ] array (
  'v' => '4.3.0',
)
[ info ] [ LOG ] INIT File
---------------------------------------------------------------
[ 2017-08-28T11:34:51+08:00 ] ::1 ::1 POST /QandA/public/index.php/index/login/check.html
[ info ] localhost/QandA/public/index.php/index/login/check.html [è¿è¡Œæ—¶é—´ï¼š0.299522s][ååç‡ï¼š3.34req/s] [å†…å­˜æ¶ˆè€—ï¼š2,360.23kb] [æ–‡ä»¶åŠ è½½ï¼š42]
[ info ] [ LANG ] G:\xampp\htdocs\QandA\thinkphp\lang\zh-cn.php
[ info ] [ ROUTE ] array (
  'type' => 'module',
  'module' => 
  array (
    0 => 'index',
    1 => 'login',
    2 => 'check',
  ),
)
[ info ] [ HEADER ] array (
  'host' => 'localhost',
  'connection' => 'keep-alive',
  'content-length' => '27',
  'accept' => 'application/json, text/javascript, */*; q=0.01',
  'origin' => 'http://localhost',
  'x-requested-with' => 'XMLHttpRequest',
  'user-agent' => 'Mozilla/5.0 (Windows NT 6.3; Win64; x64) AppleWebKit/537.36 (KHTML, like Gecko) Chrome/56.0.2924.87 Safari/537.36',
  'content-type' => 'application/x-www-form-urlencoded; charset=UTF-8',
  'referer' => 'http://localhost/QandA/public/index.php/index/userindex/user_index.html',
  'accept-encoding' => 'gzip, deflate, br',
  'accept-language' => 'zh-CN,zh;q=0.8',
  'cookie' => 'Phpstorm-c745d3f3=89ec4b1a-8121-4b74-96c1-205dcf37ecd1; _ga=GA1.1.1734007425.1490616064; PHPSESSID=msnliposlbmfde7mofr0dq77s3',
)
[ info ] [ PARAM ] array (
  'username' => 'test',
  'password' => 'test',
)
[ info ] [ RUN ] app\index\controller\Login->check[ G:\xampp\htdocs\QandA\application\index\controller\Login.php ]
[ info ] [ DB ] INIT mysql
[ info ] [ LOG ] INIT File
[ sql ] [ DB ] CONNECT:[ UseTime:0.120209s ] mysql:dbname=question;host=120.77.144.75;port=3306;charset=utf8
[ sql ] [ SQL ] SHOW COLUMNS FROM `user` [ RunTime:0.064115s ]
[ sql ] [ SQL ] SELECT * FROM `user` WHERE  `login_name` = 'test'  AND `pwd` = '098f6bcd4621d373cade4e832627b4f6' LIMIT 1 [ RunTime:0.057220s ]
---------------------------------------------------------------
[ 2017-08-28T11:35:00+08:00 ] ::1 ::1 POST /QandA/public/index.php/index/login/check.html
[ info ] localhost/QandA/public/index.php/index/login/check.html [è¿è¡Œæ—¶é—´ï¼š0.314537s][ååç‡ï¼š3.18req/s] [å†…å­˜æ¶ˆè€—ï¼š2,360.23kb] [æ–‡ä»¶åŠ è½½ï¼š42]
[ info ] [ LANG ] G:\xampp\htdocs\QandA\thinkphp\lang\zh-cn.php
[ info ] [ ROUTE ] array (
  'type' => 'module',
  'module' => 
  array (
    0 => 'index',
    1 => 'login',
    2 => 'check',
  ),
)
[ info ] [ HEADER ] array (
  'host' => 'localhost',
  'connection' => 'keep-alive',
  'content-length' => '27',
  'accept' => 'application/json, text/javascript, */*; q=0.01',
  'origin' => 'http://localhost',
  'x-requested-with' => 'XMLHttpRequest',
  'user-agent' => 'Mozilla/5.0 (Windows NT 6.3; Win64; x64) AppleWebKit/537.36 (KHTML, like Gecko) Chrome/56.0.2924.87 Safari/537.36',
  'content-type' => 'application/x-www-form-urlencoded; charset=UTF-8',
  'referer' => 'http://localhost/QandA/public/index.php/index/userindex/user_index.html',
  'accept-encoding' => 'gzip, deflate, br',
  'accept-language' => 'zh-CN,zh;q=0.8',
  'cookie' => 'Phpstorm-c745d3f3=89ec4b1a-8121-4b74-96c1-205dcf37ecd1; _ga=GA1.1.1734007425.1490616064; PHPSESSID=msnliposlbmfde7mofr0dq77s3',
)
[ info ] [ PARAM ] array (
  'username' => 'test',
  'password' => '1234',
)
[ info ] [ RUN ] app\index\controller\Login->check[ G:\xampp\htdocs\QandA\application\index\controller\Login.php ]
[ info ] [ DB ] INIT mysql
[ info ] [ LOG ] INIT File
[ sql ] [ DB ] CONNECT:[ UseTime:0.145663s ] mysql:dbname=question;host=120.77.144.75;port=3306;charset=utf8
[ sql ] [ SQL ] SHOW COLUMNS FROM `user` [ RunTime:0.056681s ]
[ sql ] [ SQL ] SELECT * FROM `user` WHERE  `login_name` = 'test'  AND `pwd` = '81dc9bdb52d04dc20036dbd8313ed055' LIMIT 1 [ RunTime:0.060255s ]
---------------------------------------------------------------
[ 2017-08-28T11:35:06+08:00 ] ::1 ::1 POST /QandA/public/index.php/index/login/check.html
[ info ] localhost/QandA/public/index.php/index/login/check.html [è¿è¡Œæ—¶é—´ï¼š0.339680s][ååç‡ï¼š2.94req/s] [å†…å­˜æ¶ˆè€—ï¼š2,360.23kb] [æ–‡ä»¶åŠ è½½ï¼š42]
[ info ] [ LANG ] G:\xampp\htdocs\QandA\thinkphp\lang\zh-cn.php
[ info ] [ ROUTE ] array (
  'type' => 'module',
  'module' => 
  array (
    0 => 'index',
    1 => 'login',
    2 => 'check',
  ),
)
[ info ] [ HEADER ] array (
  'host' => 'localhost',
  'connection' => 'keep-alive',
  'content-length' => '27',
  'accept' => 'application/json, text/javascript, */*; q=0.01',
  'origin' => 'http://localhost',
  'x-requested-with' => 'XMLHttpRequest',
  'user-agent' => 'Mozilla/5.0 (Windows NT 6.3; Win64; x64) AppleWebKit/537.36 (KHTML, like Gecko) Chrome/56.0.2924.87 Safari/537.36',
  'content-type' => 'application/x-www-form-urlencoded; charset=UTF-8',
  'referer' => 'http://localhost/QandA/public/index.php/index/userindex/user_index.html',
  'accept-encoding' => 'gzip, deflate, br',
  'accept-language' => 'zh-CN,zh;q=0.8',
  'cookie' => 'Phpstorm-c745d3f3=89ec4b1a-8121-4b74-96c1-205dcf37ecd1; _ga=GA1.1.1734007425.1490616064; PHPSESSID=msnliposlbmfde7mofr0dq77s3',
)
[ info ] [ PARAM ] array (
  'username' => 'test',
  'password' => 'test',
)
[ info ] [ RUN ] app\index\controller\Login->check[ G:\xampp\htdocs\QandA\application\index\controller\Login.php ]
[ info ] [ DB ] INIT mysql
[ info ] [ LOG ] INIT File
[ sql ] [ DB ] CONNECT:[ UseTime:0.167674s ] mysql:dbname=question;host=120.77.144.75;port=3306;charset=utf8
[ sql ] [ SQL ] SHOW COLUMNS FROM `user` [ RunTime:0.056083s ]
[ sql ] [ SQL ] SELECT * FROM `user` WHERE  `login_name` = 'test'  AND `pwd` = '098f6bcd4621d373cade4e832627b4f6' LIMIT 1 [ RunTime:0.066069s ]
---------------------------------------------------------------
[ 2017-08-28T11:35:34+08:00 ] ::1 ::1 POST /QandA/public/index.php/answer/SubmitAnswer
[ info ] localhost/QandA/public/index.php/answer/SubmitAnswer [è¿è¡Œæ—¶é—´ï¼š0.033359s][ååç‡ï¼š29.98req/s] [å†…å­˜æ¶ˆè€—ï¼š1,072.83kb] [æ–‡ä»¶åŠ è½½ï¼š29]
[ info ] [ LANG ] G:\xampp\htdocs\QandA\thinkphp\lang\zh-cn.php
[ info ] [ ROUTE ] array (
  'type' => 'module',
  'module' => 
  array (
    0 => 'problem_manage',
    1 => 'AnswerController',
    2 => 'postSubmitAnswer',
  ),
  'convert' => false,
)
[ info ] [ HEADER ] array (
  'host' => 'localhost',
  'connection' => 'keep-alive',
  'content-length' => '277',
  'accept' => 'application/json, text/javascript, */*; q=0.01',
  'origin' => 'http://localhost',
  'x-requested-with' => 'XMLHttpRequest',
  'user-agent' => 'Mozilla/5.0 (Windows NT 6.3; Win64; x64) AppleWebKit/537.36 (KHTML, like Gecko) Chrome/56.0.2924.87 Safari/537.36',
  'content-type' => 'application/x-www-form-urlencoded; charset=UTF-8',
  'referer' => 'http://localhost/QandA/public/index.php/problem/UserProblem',
  'accept-encoding' => 'gzip, deflate, br',
  'accept-language' => 'zh-CN,zh;q=0.8',
  'cookie' => 'Phpstorm-c745d3f3=89ec4b1a-8121-4b74-96c1-205dcf37ecd1; _ga=GA1.1.1734007425.1490616064; PHPSESSID=msnliposlbmfde7mofr0dq77s3',
)
[ info ] [ PARAM ] array (
  'single' => 
  array (
    0 => 
    array (
      'problem_id' => '127',
      'q_id' => 'd',
    ),
    1 => 
    array (
      'problem_id' => '128',
      'q_id' => 'a',
    ),
    2 => 
    array (
      'problem_id' => '123',
    ),
  ),
  'multi' => 
  array (
    0 => 
    array (
      'problem_id' => '124',
      'q_id' => 
      array (
        0 => 'f',
      ),
    ),
  ),
  'judge' => 
  array (
    0 => 
    array (
      'problem_id' => '124',
      'answer' => '1',
    ),
  ),
  'action' => 'SubmitAnswer',
)
[ info ] [ LOG ] INIT File
[ error ] [4]è¯­æ³•é”™è¯¯: unexpected '$res' (T_VARIABLE)[G:\xampp\htdocs\QandA\application\problem_manage\controller\AnswerController.php:79]
---------------------------------------------------------------
[ 2017-08-28T11:37:15+08:00 ] ::1 ::1 POST /QandA/public/index.php/answer/SubmitAnswer
[ info ] localhost/QandA/public/index.php/answer/SubmitAnswer [è¿è¡Œæ—¶é—´ï¼š0.036748s][ååç‡ï¼š27.21req/s] [å†…å­˜æ¶ˆè€—ï¼š1,072.87kb] [æ–‡ä»¶åŠ è½½ï¼š29]
[ info ] [ LANG ] G:\xampp\htdocs\QandA\thinkphp\lang\zh-cn.php
[ info ] [ ROUTE ] array (
  'type' => 'module',
  'module' => 
  array (
    0 => 'problem_manage',
    1 => 'AnswerController',
    2 => 'postSubmitAnswer',
  ),
  'convert' => false,
)
[ info ] [ HEADER ] array (
  'host' => 'localhost',
  'connection' => 'keep-alive',
  'content-length' => '308',
  'accept' => 'application/json, text/javascript, */*; q=0.01',
  'origin' => 'http://localhost',
  'x-requested-with' => 'XMLHttpRequest',
  'user-agent' => 'Mozilla/5.0 (Windows NT 6.3; Win64; x64) AppleWebKit/537.36 (KHTML, like Gecko) Chrome/56.0.2924.87 Safari/537.36',
  'content-type' => 'application/x-www-form-urlencoded; charset=UTF-8',
  'referer' => 'http://localhost/QandA/public/index.php/problem/UserProblem',
  'accept-encoding' => 'gzip, deflate, br',
  'accept-language' => 'zh-CN,zh;q=0.8',
  'cookie' => 'Phpstorm-c745d3f3=89ec4b1a-8121-4b74-96c1-205dcf37ecd1; _ga=GA1.1.1734007425.1490616064; PHPSESSID=msnliposlbmfde7mofr0dq77s3',
)
[ info ] [ PARAM ] array (
  'single' => 
  array (
    0 => 
    array (
      'problem_id' => '123',
      'q_id' => 'f',
    ),
    1 => 
    array (
      'problem_id' => '129',
      'q_id' => 'c',
    ),
    2 => 
    array (
      'problem_id' => '128',
    ),
  ),
  'multi' => 
  array (
    0 => 
    array (
      'problem_id' => '124',
      'q_id' => 
      array (
        0 => 'c',
        1 => 'a',
      ),
    ),
  ),
  'judge' => 
  array (
    0 => 
    array (
      'problem_id' => '124',
      'answer' => '0',
    ),
  ),
  'action' => 'SubmitAnswer',
)
[ info ] [ LOG ] INIT File
[ error ] [4]è¯­æ³•é”™è¯¯: unexpected 'Return' (T_RETURN)[G:\xampp\htdocs\QandA\application\problem_manage\controller\AnswerController.php:79]
---------------------------------------------------------------
[ 2017-08-28T11:37:30+08:00 ] ::1 ::1 POST /QandA/public/index.php/answer/SubmitAnswer
[ info ] localhost/QandA/public/index.php/answer/SubmitAnswer [è¿è¡Œæ—¶é—´ï¼š0.029831s][ååç‡ï¼š33.52req/s] [å†…å­˜æ¶ˆè€—ï¼š1,072.51kb] [æ–‡ä»¶åŠ è½½ï¼š29]
[ info ] [ LANG ] G:\xampp\htdocs\QandA\thinkphp\lang\zh-cn.php
[ info ] [ ROUTE ] array (
  'type' => 'module',
  'module' => 
  array (
    0 => 'problem_manage',
    1 => 'AnswerController',
    2 => 'postSubmitAnswer',
  ),
  'convert' => false,
)
[ info ] [ HEADER ] array (
  'host' => 'localhost',
  'connection' => 'keep-alive',
  'content-length' => '248',
  'accept' => 'application/json, text/javascript, */*; q=0.01',
  'origin' => 'http://localhost',
  'x-requested-with' => 'XMLHttpRequest',
  'user-agent' => 'Mozilla/5.0 (Windows NT 6.3; Win64; x64) AppleWebKit/537.36 (KHTML, like Gecko) Chrome/56.0.2924.87 Safari/537.36',
  'content-type' => 'application/x-www-form-urlencoded; charset=UTF-8',
  'referer' => 'http://localhost/QandA/public/index.php/problem/UserProblem',
  'accept-encoding' => 'gzip, deflate, br',
  'accept-language' => 'zh-CN,zh;q=0.8',
  'cookie' => 'Phpstorm-c745d3f3=89ec4b1a-8121-4b74-96c1-205dcf37ecd1; _ga=GA1.1.1734007425.1490616064; PHPSESSID=msnliposlbmfde7mofr0dq77s3',
)
[ info ] [ PARAM ] array (
  'single' => 
  array (
    0 => 
    array (
      'problem_id' => '129',
      'q_id' => 'a',
    ),
    1 => 
    array (
      'problem_id' => '128',
      'q_id' => 'f',
    ),
    2 => 
    array (
      'problem_id' => '123',
    ),
  ),
  'multi' => 
  array (
    0 => 
    array (
      'problem_id' => '124',
      'q_id' => 
      array (
        0 => 'c',
        1 => 'b',
      ),
    ),
  ),
  'action' => 'SubmitAnswer',
)
[ info ] [ LOG ] INIT File
[ error ] [4]è¯­æ³•é”™è¯¯: unexpected 'Return' (T_RETURN)[G:\xampp\htdocs\QandA\application\problem_manage\controller\AnswerController.php:79]
---------------------------------------------------------------
[ 2017-08-28T11:42:16+08:00 ] ::1 ::1 POST /QandA/public/index.php/answer/postSubmitAnswer
[ info ] localhost/QandA/public/index.php/answer/postSubmitAnswer [è¿è¡Œæ—¶é—´ï¼š0.018817s][ååç‡ï¼š53.14req/s] [å†…å­˜æ¶ˆè€—ï¼š1,072.72kb] [æ–‡ä»¶åŠ è½½ï¼š29]
[ info ] [ LANG ] G:\xampp\htdocs\QandA\thinkphp\lang\zh-cn.php
[ info ] [ ROUTE ] array (
  'type' => 'module',
  'module' => 
  array (
    0 => 'problem_manage',
    1 => 'AnswerController',
    2 => 'postpostSubmitAnswer',
  ),
  'convert' => false,
)
[ info ] [ HEADER ] array (
  'host' => 'localhost',
  'connection' => 'keep-alive',
  'content-length' => '305',
  'accept' => 'application/json, text/javascript, */*; q=0.01',
  'origin' => 'http://localhost',
  'x-requested-with' => 'XMLHttpRequest',
  'user-agent' => 'Mozilla/5.0 (Windows NT 6.3; Win64; x64) AppleWebKit/537.36 (KHTML, like Gecko) Chrome/56.0.2924.87 Safari/537.36',
  'content-type' => 'application/x-www-form-urlencoded; charset=UTF-8',
  'referer' => 'http://localhost/QandA/public/index.php/problem/UserProblem',
  'accept-encoding' => 'gzip, deflate, br',
  'accept-language' => 'zh-CN,zh;q=0.8',
  'cookie' => 'Phpstorm-c745d3f3=89ec4b1a-8121-4b74-96c1-205dcf37ecd1; _ga=GA1.1.1734007425.1490616064; PHPSESSID=msnliposlbmfde7mofr0dq77s3',
)
[ info ] [ PARAM ] array (
  'single' => 
  array (
    0 => 
    array (
      'problem_id' => '129',
      'q_id' => 'c',
    ),
    1 => 
    array (
      'problem_id' => '123',
      'q_id' => 'c',
    ),
    2 => 
    array (
      'problem_id' => '128',
      'q_id' => 'a',
    ),
  ),
  'multi' => 
  array (
    0 => 
    array (
      'problem_id' => '124',
      'q_id' => 
      array (
        0 => 'd',
        1 => 'f',
        2 => 'b',
      ),
    ),
  ),
  'action' => 'postSubmitAnswer',
)
[ info ] [ LOG ] INIT File
[ error ] [4]è¯­æ³•é”™è¯¯: unexpected 'Return' (T_RETURN)[G:\xampp\htdocs\QandA\application\problem_manage\controller\AnswerController.php:79]
---------------------------------------------------------------
[ 2017-08-28T11:44:13+08:00 ] ::1 ::1 POST /QandA/public/index.php/answer/SubmitAnswer
[ info ] localhost/QandA/public/index.php/answer/SubmitAnswer [è¿è¡Œæ—¶é—´ï¼š0.026940s][ååç‡ï¼š37.12req/s] [å†…å­˜æ¶ˆè€—ï¼š1,072.64kb] [æ–‡ä»¶åŠ è½½ï¼š29]
[ info ] [ LANG ] G:\xampp\htdocs\QandA\thinkphp\lang\zh-cn.php
[ info ] [ ROUTE ] array (
  'type' => 'module',
  'module' => 
  array (
    0 => 'problem_manage',
    1 => 'AnswerController',
    2 => 'postSubmitAnswer',
  ),
  'convert' => false,
)
[ info ] [ HEADER ] array (
  'host' => 'localhost',
  'connection' => 'keep-alive',
  'content-length' => '305',
  'accept' => 'application/json, text/javascript, */*; q=0.01',
  'origin' => 'http://localhost',
  'x-requested-with' => 'XMLHttpRequest',
  'user-agent' => 'Mozilla/5.0 (Windows NT 6.3; Win64; x64) AppleWebKit/537.36 (KHTML, like Gecko) Chrome/56.0.2924.87 Safari/537.36',
  'content-type' => 'application/x-www-form-urlencoded; charset=UTF-8',
  'referer' => 'http://localhost/QandA/public/index.php/problem/UserProblem',
  'accept-encoding' => 'gzip, deflate, br',
  'accept-language' => 'zh-CN,zh;q=0.8',
  'cookie' => 'Phpstorm-c745d3f3=89ec4b1a-8121-4b74-96c1-205dcf37ecd1; _ga=GA1.1.1734007425.1490616064; PHPSESSID=msnliposlbmfde7mofr0dq77s3',
)
[ info ] [ PARAM ] array (
  'single' => 
  array (
    0 => 
    array (
      'problem_id' => '128',
      'q_id' => 'b',
    ),
    1 => 
    array (
      'problem_id' => '123',
      'q_id' => 'd',
    ),
    2 => 
    array (
      'problem_id' => '127',
      'q_id' => 'd',
    ),
  ),
  'multi' => 
  array (
    0 => 
    array (
      'problem_id' => '124',
      'q_id' => 
      array (
        0 => 'b',
        1 => 'a',
        2 => 'd',
      ),
    ),
  ),
  'action' => 'SubmitAnswer',
)
[ info ] [ LOG ] INIT File
[ error ] [4]è¯­æ³•é”™è¯¯: unexpected 'Return' (T_RETURN)[G:\xampp\htdocs\QandA\application\problem_manage\controller\AnswerController.php:79]
---------------------------------------------------------------
[ 2017-08-28T11:46:58+08:00 ] ::1 ::1 POST /QandA/public/index.php/answer/SubmitAnswer
[ info ] localhost/QandA/public/index.php/answer/SubmitAnswer [è¿è¡Œæ—¶é—´ï¼š0.018683s][ååç‡ï¼š53.52req/s] [å†…å­˜æ¶ˆè€—ï¼š1,072.57kb] [æ–‡ä»¶åŠ è½½ï¼š29]
[ info ] [ LANG ] G:\xampp\htdocs\QandA\thinkphp\lang\zh-cn.php
[ info ] [ ROUTE ] array (
  'type' => 'module',
  'module' => 
  array (
    0 => 'problem_manage',
    1 => 'AnswerController',
    2 => 'postSubmitAnswer',
  ),
  'convert' => false,
)
[ info ] [ HEADER ] array (
  'host' => 'localhost',
  'connection' => 'keep-alive',
  'content-length' => '274',
  'accept' => 'application/json, text/javascript, */*; q=0.01',
  'origin' => 'http://localhost',
  'x-requested-with' => 'XMLHttpRequest',
  'user-agent' => 'Mozilla/5.0 (Windows NT 6.3; Win64; x64) AppleWebKit/537.36 (KHTML, like Gecko) Chrome/56.0.2924.87 Safari/537.36',
  'content-type' => 'application/x-www-form-urlencoded; charset=UTF-8',
  'referer' => 'http://localhost/QandA/public/index.php/problem/UserProblem',
  'accept-encoding' => 'gzip, deflate, br',
  'accept-language' => 'zh-CN,zh;q=0.8',
  'cookie' => 'Phpstorm-c745d3f3=89ec4b1a-8121-4b74-96c1-205dcf37ecd1; _ga=GA1.1.1734007425.1490616064; PHPSESSID=msnliposlbmfde7mofr0dq77s3',
)
[ info ] [ PARAM ] array (
  'single' => 
  array (
    0 => 
    array (
      'problem_id' => '128',
      'q_id' => 'f',
    ),
    1 => 
    array (
      'problem_id' => '127',
      'q_id' => 'f',
    ),
    2 => 
    array (
      'problem_id' => '129',
      'q_id' => 'f',
    ),
  ),
  'multi' => 
  array (
    0 => 
    array (
      'problem_id' => '124',
      'q_id' => 
      array (
        0 => 'c',
        1 => 'd',
      ),
    ),
  ),
  'action' => 'SubmitAnswer',
)
[ info ] [ LOG ] INIT File
[ error ] [4]è¯­æ³•é”™è¯¯: unexpected 'Return' (T_RETURN)[G:\xampp\htdocs\QandA\application\problem_manage\controller\AnswerController.php:79]
---------------------------------------------------------------
[ 2017-08-28T11:48:27+08:00 ] ::1 ::1 POST /QandA/public/index.php/answer/SubmitAnswer
[ info ] localhost/QandA/public/index.php/answer/SubmitAnswer [è¿è¡Œæ—¶é—´ï¼š0.033551s][ååç‡ï¼š29.81req/s] [å†…å­˜æ¶ˆè€—ï¼š1,294.78kb] [æ–‡ä»¶åŠ è½½ï¼š32]
[ info ] [ LANG ] G:\xampp\htdocs\QandA\thinkphp\lang\zh-cn.php
[ info ] [ ROUTE ] array (
  'type' => 'module',
  'module' => 
  array (
    0 => 'problem_manage',
    1 => 'AnswerController',
    2 => 'postSubmitAnswer',
  ),
  'convert' => false,
)
[ info ] [ HEADER ] array (
  'host' => 'localhost',
  'connection' => 'keep-alive',
  'content-length' => '274',
  'accept' => 'application/json, text/javascript, */*; q=0.01',
  'origin' => 'http://localhost',
  'x-requested-with' => 'XMLHttpRequest',
  'user-agent' => 'Mozilla/5.0 (Windows NT 6.3; Win64; x64) AppleWebKit/537.36 (KHTML, like Gecko) Chrome/56.0.2924.87 Safari/537.36',
  'content-type' => 'application/x-www-form-urlencoded; charset=UTF-8',
  'referer' => 'http://localhost/QandA/public/index.php/problem/UserProblem',
  'accept-encoding' => 'gzip, deflate, br',
  'accept-language' => 'zh-CN,zh;q=0.8',
  'cookie' => 'Phpstorm-c745d3f3=89ec4b1a-8121-4b74-96c1-205dcf37ecd1; _ga=GA1.1.1734007425.1490616064; PHPSESSID=msnliposlbmfde7mofr0dq77s3',
)
[ info ] [ PARAM ] array (
  'single' => 
  array (
    0 => 
    array (
      'problem_id' => '129',
      'q_id' => 'f',
    ),
    1 => 
    array (
      'problem_id' => '127',
      'q_id' => 'f',
    ),
    2 => 
    array (
      'problem_id' => '128',
      'q_id' => 'a',
    ),
  ),
  'multi' => 
  array (
    0 => 
    array (
      'problem_id' => '124',
      'q_id' => 
      array (
        0 => 'b',
        1 => 'c',
      ),
    ),
  ),
  'action' => 'SubmitAnswer',
)
[ info ] [ RUN ] app\problem_manage\controller\AnswerController->postSubmitAnswer[ G:\xampp\htdocs\QandA\application\problem_manage\controller\AnswerController.php ]
[ info ] [ LOG ] INIT File
---------------------------------------------------------------
[ 2017-08-28T11:50:34+08:00 ] ::1 ::1 POST /QandA/public/index.php/answer/SubmitAnswer
[ info ] localhost/QandA/public/index.php/answer/SubmitAnswer [è¿è¡Œæ—¶é—´ï¼š0.018000s][ååç‡ï¼š55.56req/s] [å†…å­˜æ¶ˆè€—ï¼š1,063.70kb] [æ–‡ä»¶åŠ è½½ï¼š29]
[ info ] [ LANG ] G:\xampp\htdocs\QandA\thinkphp\lang\zh-cn.php
[ info ] [ ROUTE ] array (
  'type' => 'module',
  'module' => 
  array (
    0 => 'problem_manage',
    1 => 'AnswerController',
    2 => 'postSubmitAnswer',
  ),
  'convert' => false,
)
[ info ] [ HEADER ] array (
  'host' => 'localhost',
  'connection' => 'keep-alive',
  'content-length' => '2',
  'accept' => 'text/plain, */*; q=0.01',
  'origin' => 'http://localhost',
  'x-requested-with' => 'XMLHttpRequest',
  'user-agent' => 'Mozilla/5.0 (Windows NT 6.3; Win64; x64) AppleWebKit/537.36 (KHTML, like Gecko) Chrome/56.0.2924.87 Safari/537.36',
  'content-type' => 'application/x-www-form-urlencoded; charset=UTF-8',
  'referer' => 'http://localhost/QandA/public/index.php/problem/UserProblem',
  'accept-encoding' => 'gzip, deflate, br',
  'accept-language' => 'zh-CN,zh;q=0.8',
  'cookie' => 'Phpstorm-c745d3f3=89ec4b1a-8121-4b74-96c1-205dcf37ecd1; _ga=GA1.1.1734007425.1490616064; PHPSESSID=msnliposlbmfde7mofr0dq77s3',
)
[ info ] [ PARAM ] array (
  'nn' => '',
  'action' => 'SubmitAnswer',
)
[ info ] [ LOG ] INIT File
[ error ] [4]è¯­æ³•é”™è¯¯: unexpected 'Return' (T_RETURN)[G:\xampp\htdocs\QandA\application\problem_manage\controller\AnswerController.php:79]
---------------------------------------------------------------
[ 2017-08-28T11:51:56+08:00 ] ::1 ::1 POST /QandA/public/index.php/answer/SubmitAnswer
[ info ] localhost/QandA/public/index.php/answer/SubmitAnswer [è¿è¡Œæ—¶é—´ï¼š0.033297s][ååç‡ï¼š30.03req/s] [å†…å­˜æ¶ˆè€—ï¼š1,072.59kb] [æ–‡ä»¶åŠ è½½ï¼š29]
[ info ] [ LANG ] G:\xampp\htdocs\QandA\thinkphp\lang\zh-cn.php
[ info ] [ ROUTE ] array (
  'type' => 'module',
  'module' => 
  array (
    0 => 'problem_manage',
    1 => 'AnswerController',
    2 => 'postSubmitAnswer',
  ),
  'convert' => false,
)
[ info ] [ HEADER ] array (
  'host' => 'localhost',
  'connection' => 'keep-alive',
  'content-length' => '243',
  'accept' => 'application/json, text/javascript, */*; q=0.01',
  'origin' => 'http://localhost',
  'x-requested-with' => 'XMLHttpRequest',
  'user-agent' => 'Mozilla/5.0 (Windows NT 6.3; Win64; x64) AppleWebKit/537.36 (KHTML, like Gecko) Chrome/56.0.2924.87 Safari/537.36',
  'content-type' => 'application/x-www-form-urlencoded; charset=UTF-8',
  'referer' => 'http://localhost/QandA/public/index.php/problem/UserProblem',
  'accept-encoding' => 'gzip, deflate, br',
  'accept-language' => 'zh-CN,zh;q=0.8',
  'cookie' => 'Phpstorm-c745d3f3=89ec4b1a-8121-4b74-96c1-205dcf37ecd1; _ga=GA1.1.1734007425.1490616064; PHPSESSID=msnliposlbmfde7mofr0dq77s3',
)
[ info ] [ PARAM ] array (
  'single' => 
  array (
    0 => 
    array (
      'problem_id' => '129',
      'q_id' => 'a',
    ),
    1 => 
    array (
      'problem_id' => '123',
      'q_id' => 'a',
    ),
    2 => 
    array (
      'problem_id' => '127',
      'q_id' => 'a',
    ),
  ),
  'multi' => 
  array (
    0 => 
    array (
      'problem_id' => '124',
      'q_id' => 
      array (
        0 => 'a',
      ),
    ),
  ),
  'action' => 'SubmitAnswer',
)
[ info ] [ LOG ] INIT File
[ error ] [4]è¯­æ³•é”™è¯¯: unexpected 'Return' (T_RETURN)[G:\xampp\htdocs\QandA\application\problem_manage\controller\AnswerController.php:79]
---------------------------------------------------------------
[ 2017-08-28T12:29:29+08:00 ] ::1 ::1 POST /QandA/public/index.php/answer/SubmitAnswer
[ info ] localhost/QandA/public/index.php/answer/SubmitAnswer [è¿è¡Œæ—¶é—´ï¼š0.038752s][ååç‡ï¼š25.81req/s] [å†…å­˜æ¶ˆè€—ï¼š1,072.51kb] [æ–‡ä»¶åŠ è½½ï¼š29]
[ info ] [ LANG ] G:\xampp\htdocs\QandA\thinkphp\lang\zh-cn.php
[ info ] [ ROUTE ] array (
  'type' => 'module',
  'module' => 
  array (
    0 => 'problem_manage',
    1 => 'AnswerController',
    2 => 'postSubmitAnswer',
  ),
  'convert' => false,
)
[ info ] [ HEADER ] array (
  'host' => 'localhost',
  'connection' => 'keep-alive',
  'content-length' => '248',
  'accept' => 'application/json, text/javascript, */*; q=0.01',
  'origin' => 'http://localhost',
  'x-requested-with' => 'XMLHttpRequest',
  'user-agent' => 'Mozilla/5.0 (Windows NT 6.3; Win64; x64) AppleWebKit/537.36 (KHTML, like Gecko) Chrome/56.0.2924.87 Safari/537.36',
  'content-type' => 'application/x-www-form-urlencoded; charset=UTF-8',
  'referer' => 'http://localhost/QandA/public/index.php/problem/UserProblem',
  'accept-encoding' => 'gzip, deflate, br',
  'accept-language' => 'zh-CN,zh;q=0.8',
  'cookie' => 'Phpstorm-c745d3f3=89ec4b1a-8121-4b74-96c1-205dcf37ecd1; _ga=GA1.1.1734007425.1490616064; PHPSESSID=msnliposlbmfde7mofr0dq77s3',
)
[ info ] [ PARAM ] array (
  'single' => 
  array (
    0 => 
    array (
      'problem_id' => '128',
      'q_id' => 'a',
    ),
    1 => 
    array (
      'problem_id' => '129',
      'q_id' => 'f',
    ),
    2 => 
    array (
      'problem_id' => '123',
    ),
  ),
  'multi' => 
  array (
    0 => 
    array (
      'problem_id' => '124',
      'q_id' => 
      array (
        0 => 'd',
        1 => 'b',
      ),
    ),
  ),
  'action' => 'SubmitAnswer',
)
[ info ] [ LOG ] INIT File
[ error ] [4]è¯­æ³•é”™è¯¯: unexpected 'Return' (T_RETURN)[G:\xampp\htdocs\QandA\application\problem_manage\controller\AnswerController.php:79]
---------------------------------------------------------------
[ 2017-08-28T12:31:44+08:00 ] ::1 ::1 POST /QandA/public/index.php/answer/SubmitAnswer
[ info ] localhost/QandA/public/index.php/answer/SubmitAnswer [è¿è¡Œæ—¶é—´ï¼š0.049355s][ååç‡ï¼š20.26req/s] [å†…å­˜æ¶ˆè€—ï¼š1,072.61kb] [æ–‡ä»¶åŠ è½½ï¼š29]
[ info ] [ LANG ] G:\xampp\htdocs\QandA\thinkphp\lang\zh-cn.php
[ info ] [ ROUTE ] array (
  'type' => 'module',
  'module' => 
  array (
    0 => 'problem_manage',
    1 => 'AnswerController',
    2 => 'postSubmitAnswer',
  ),
  'convert' => false,
)
[ info ] [ HEADER ] array (
  'host' => 'localhost',
  'connection' => 'keep-alive',
  'content-length' => '248',
  'accept' => 'application/json, text/javascript, */*; q=0.01',
  'origin' => 'http://localhost',
  'x-requested-with' => 'XMLHttpRequest',
  'user-agent' => 'Mozilla/5.0 (Windows NT 6.3; Win64; x64) AppleWebKit/537.36 (KHTML, like Gecko) Chrome/56.0.2924.87 Safari/537.36',
  'content-type' => 'application/x-www-form-urlencoded; charset=UTF-8',
  'referer' => 'http://localhost/QandA/public/index.php/problem/UserProblem',
  'accept-encoding' => 'gzip, deflate, br',
  'accept-language' => 'zh-CN,zh;q=0.8',
  'cookie' => 'Phpstorm-c745d3f3=89ec4b1a-8121-4b74-96c1-205dcf37ecd1; _ga=GA1.1.1734007425.1490616064; PHPSESSID=msnliposlbmfde7mofr0dq77s3',
)
[ info ] [ PARAM ] array (
  'single' => 
  array (
    0 => 
    array (
      'problem_id' => '128',
      'q_id' => 'a',
    ),
    1 => 
    array (
      'problem_id' => '129',
      'q_id' => 'f',
    ),
    2 => 
    array (
      'problem_id' => '123',
    ),
  ),
  'multi' => 
  array (
    0 => 
    array (
      'problem_id' => '124',
      'q_id' => 
      array (
        0 => 'd',
        1 => 'b',
      ),
    ),
  ),
  'action' => 'SubmitAnswer',
)
[ info ] [ LOG ] INIT File
[ error ] [4]è¯­æ³•é”™è¯¯: unexpected 'Return' (T_RETURN)[G:\xampp\htdocs\QandA\application\problem_manage\controller\AnswerController.php:79]
---------------------------------------------------------------
[ 2017-08-28T14:41:51+08:00 ] ::1 ::1 POST /QandA/public/index.php/answer/SubmitAnswer
[ info ] localhost/QandA/public/index.php/answer/SubmitAnswer [è¿è¡Œæ—¶é—´ï¼š0.019015s][ååç‡ï¼š52.59req/s] [å†…å­˜æ¶ˆè€—ï¼š1,074.27kb] [æ–‡ä»¶åŠ è½½ï¼š29]
[ info ] [ LANG ] G:\xampp\htdocs\QandA\thinkphp\lang\zh-cn.php
[ info ] [ ROUTE ] array (
  'type' => 'module',
  'module' => 
  array (
    0 => 'problem_manage',
    1 => 'AnswerController',
    2 => 'postSubmitAnswer',
  ),
  'convert' => false,
)
[ info ] [ HEADER ] array (
  'host' => 'localhost',
  'connection' => 'keep-alive',
  'content-length' => '397',
  'accept' => 'application/json, text/javascript, */*; q=0.01',
  'origin' => 'http://localhost',
  'x-requested-with' => 'XMLHttpRequest',
  'user-agent' => 'Mozilla/5.0 (Windows NT 6.3; Win64; x64) AppleWebKit/537.36 (KHTML, like Gecko) Chrome/56.0.2924.87 Safari/537.36',
  'content-type' => 'application/x-www-form-urlencoded; charset=UTF-8',
  'referer' => 'http://localhost/QandA/public/index.php/problem/UserProblem',
  'accept-encoding' => 'gzip, deflate, br',
  'accept-language' => 'zh-CN,zh;q=0.8',
  'cookie' => 'Phpstorm-c745d3f3=89ec4b1a-8121-4b74-96c1-205dcf37ecd1; _ga=GA1.1.1734007425.1490616064; PHPSESSID=msnliposlbmfde7mofr0dq77s3',
)
[ info ] [ PARAM ] array (
  'single' => 
  array (
    0 => 
    array (
      'problem_id' => '129',
      'q_id' => 'a',
    ),
    1 => 
    array (
      'problem_id' => '127',
      'q_id' => 'c',
    ),
    2 => 
    array (
      'problem_id' => '123',
      'q_id' => 'b',
    ),
  ),
  'multi' => 
  array (
    0 => 
    array (
      'problem_id' => '124',
      'q_id' => 
      array (
        0 => 'f',
        1 => 'd',
        2 => 'b',
      ),
    ),
  ),
  'judge' => 
  array (
    0 => 
    array (
      'problem_id' => '124',
      'answer' => '1',
    ),
  ),
  'fill' => 
  array (
    0 => 
    array (
      'problem_id' => '125',
    ),
  ),
  'action' => 'SubmitAnswer',
)
[ info ] [ LOG ] INIT File
[ error ] [4]è¯­æ³•é”™è¯¯: unexpected ';', expecting ']'[G:\xampp\htdocs\QandA\application\problem_manage\controller\AnswerController.php:84]
---------------------------------------------------------------
[ 2017-08-28T14:42:30+08:00 ] ::1 ::1 POST /QandA/public/index.php/answer/SubmitAnswer
[ info ] localhost/QandA/public/index.php/answer/SubmitAnswer [è¿è¡Œæ—¶é—´ï¼š0.017982s][ååç‡ï¼š55.61req/s] [å†…å­˜æ¶ˆè€—ï¼š1,073.89kb] [æ–‡ä»¶åŠ è½½ï¼š29]
[ info ] [ LANG ] G:\xampp\htdocs\QandA\thinkphp\lang\zh-cn.php
[ info ] [ ROUTE ] array (
  'type' => 'module',
  'module' => 
  array (
    0 => 'problem_manage',
    1 => 'AnswerController',
    2 => 'postSubmitAnswer',
  ),
  'convert' => false,
)
[ info ] [ HEADER ] array (
  'host' => 'localhost',
  'connection' => 'keep-alive',
  'content-length' => '334',
  'accept' => 'application/json, text/javascript, */*; q=0.01',
  'origin' => 'http://localhost',
  'x-requested-with' => 'XMLHttpRequest',
  'user-agent' => 'Mozilla/5.0 (Windows NT 6.3; Win64; x64) AppleWebKit/537.36 (KHTML, like Gecko) Chrome/56.0.2924.87 Safari/537.36',
  'content-type' => 'application/x-www-form-urlencoded; charset=UTF-8',
  'referer' => 'http://localhost/QandA/public/index.php/problem/UserProblem',
  'accept-encoding' => 'gzip, deflate, br',
  'accept-language' => 'zh-CN,zh;q=0.8',
  'cookie' => 'Phpstorm-c745d3f3=89ec4b1a-8121-4b74-96c1-205dcf37ecd1; _ga=GA1.1.1734007425.1490616064; PHPSESSID=msnliposlbmfde7mofr0dq77s3',
)
[ info ] [ PARAM ] array (
  'single' => 
  array (
    0 => 
    array (
      'problem_id' => '127',
      'q_id' => 'd',
    ),
    1 => 
    array (
      'problem_id' => '123',
      'q_id' => 'a',
    ),
    2 => 
    array (
      'problem_id' => '128',
      'q_id' => 'd',
    ),
  ),
  'multi' => 
  array (
    0 => 
    array (
      'problem_id' => '124',
      'q_id' => 
      array (
        0 => 'c',
        1 => 'b',
      ),
    ),
  ),
  'judge' => 
  array (
    0 => 
    array (
      'problem_id' => '124',
      'answer' => '1',
    ),
  ),
  'action' => 'SubmitAnswer',
)
[ info ] [ LOG ] INIT File
[ error ] [4]è¯­æ³•é”™è¯¯: unexpected ';', expecting ']'[G:\xampp\htdocs\QandA\application\problem_manage\controller\AnswerController.php:84]
---------------------------------------------------------------
[ 2017-08-28T14:44:19+08:00 ] ::1 ::1 POST /QandA/public/index.php/answer/SubmitAnswer
[ info ] localhost/QandA/public/index.php/answer/SubmitAnswer [è¿è¡Œæ—¶é—´ï¼š0.018333s][ååç‡ï¼š54.55req/s] [å†…å­˜æ¶ˆè€—ï¼š1,073.89kb] [æ–‡ä»¶åŠ è½½ï¼š29]
[ info ] [ LANG ] G:\xampp\htdocs\QandA\thinkphp\lang\zh-cn.php
[ info ] [ ROUTE ] array (
  'type' => 'module',
  'module' => 
  array (
    0 => 'problem_manage',
    1 => 'AnswerController',
    2 => 'postSubmitAnswer',
  ),
  'convert' => false,
)
[ info ] [ HEADER ] array (
  'host' => 'localhost',
  'connection' => 'keep-alive',
  'content-length' => '334',
  'accept' => 'application/json, text/javascript, */*; q=0.01',
  'origin' => 'http://localhost',
  'x-requested-with' => 'XMLHttpRequest',
  'user-agent' => 'Mozilla/5.0 (Windows NT 6.3; Win64; x64) AppleWebKit/537.36 (KHTML, like Gecko) Chrome/56.0.2924.87 Safari/537.36',
  'content-type' => 'application/x-www-form-urlencoded; charset=UTF-8',
  'referer' => 'http://localhost/QandA/public/index.php/problem/UserProblem',
  'accept-encoding' => 'gzip, deflate, br',
  'accept-language' => 'zh-CN,zh;q=0.8',
  'cookie' => 'Phpstorm-c745d3f3=89ec4b1a-8121-4b74-96c1-205dcf37ecd1; _ga=GA1.1.1734007425.1490616064; PHPSESSID=msnliposlbmfde7mofr0dq77s3',
)
[ info ] [ PARAM ] array (
  'single' => 
  array (
    0 => 
    array (
      'problem_id' => '128',
      'q_id' => 'b',
    ),
    1 => 
    array (
      'problem_id' => '127',
      'q_id' => 'f',
    ),
    2 => 
    array (
      'problem_id' => '123',
      'q_id' => 'b',
    ),
  ),
  'multi' => 
  array (
    0 => 
    array (
      'problem_id' => '124',
      'q_id' => 
      array (
        0 => 'a',
        1 => 'd',
      ),
    ),
  ),
  'judge' => 
  array (
    0 => 
    array (
      'problem_id' => '124',
      'answer' => '0',
    ),
  ),
  'action' => 'SubmitAnswer',
)
[ info ] [ LOG ] INIT File
[ error ] [4]è¯­æ³•é”™è¯¯: unexpected ';', expecting ']'[G:\xampp\htdocs\QandA\application\problem_manage\controller\AnswerController.php:84]
---------------------------------------------------------------
[ 2017-08-28T14:45:19+08:00 ] ::1 ::1 POST /QandA/public/index.php/answer/SubmitAnswer
[ info ] localhost/QandA/public/index.php/answer/SubmitAnswer [è¿è¡Œæ—¶é—´ï¼š0.017799s][ååç‡ï¼š56.18req/s] [å†…å­˜æ¶ˆè€—ï¼š1,074.12kb] [æ–‡ä»¶åŠ è½½ï¼š29]
[ info ] [ LANG ] G:\xampp\htdocs\QandA\thinkphp\lang\zh-cn.php
[ info ] [ ROUTE ] array (
  'type' => 'module',
  'module' => 
  array (
    0 => 'problem_manage',
    1 => 'AnswerController',
    2 => 'postSubmitAnswer',
  ),
  'convert' => false,
)
[ info ] [ HEADER ] array (
  'host' => 'localhost',
  'connection' => 'keep-alive',
  'content-length' => '366',
  'accept' => 'application/json, text/javascript, */*; q=0.01',
  'origin' => 'http://localhost',
  'x-requested-with' => 'XMLHttpRequest',
  'user-agent' => 'Mozilla/5.0 (Windows NT 6.3; Win64; x64) AppleWebKit/537.36 (KHTML, like Gecko) Chrome/56.0.2924.87 Safari/537.36',
  'content-type' => 'application/x-www-form-urlencoded; charset=UTF-8',
  'referer' => 'http://localhost/QandA/public/index.php/problem/UserProblem',
  'accept-encoding' => 'gzip, deflate, br',
  'accept-language' => 'zh-CN,zh;q=0.8',
  'cookie' => 'Phpstorm-c745d3f3=89ec4b1a-8121-4b74-96c1-205dcf37ecd1; _ga=GA1.1.1734007425.1490616064; PHPSESSID=msnliposlbmfde7mofr0dq77s3',
)
[ info ] [ PARAM ] array (
  'single' => 
  array (
    0 => 
    array (
      'problem_id' => '123',
      'q_id' => 'd',
    ),
    1 => 
    array (
      'problem_id' => '127',
      'q_id' => 'b',
    ),
    2 => 
    array (
      'problem_id' => '128',
      'q_id' => 'd',
    ),
  ),
  'multi' => 
  array (
    0 => 
    array (
      'problem_id' => '124',
      'q_id' => 
      array (
        0 => 'a',
        1 => 'b',
      ),
    ),
  ),
  'judge' => 
  array (
    0 => 
    array (
      'problem_id' => '124',
      'answer' => '1',
    ),
  ),
  'fill' => 
  array (
    0 => 
    array (
      'problem_id' => '125',
    ),
  ),
  'action' => 'SubmitAnswer',
)
[ info ] [ LOG ] INIT File
[ error ] [4]è¯­æ³•é”™è¯¯: unexpected ';', expecting ']'[G:\xampp\htdocs\QandA\application\problem_manage\controller\AnswerController.php:84]
---------------------------------------------------------------
[ 2017-08-28T15:56:40+08:00 ] ::1 ::1 GET /QandA/public/index.php/index/userindex/user_index.html
[ info ] localhost/QandA/public/index.php/index/userindex/user_index.html [è¿è¡Œæ—¶é—´ï¼š0.029411s][ååç‡ï¼š34.00req/s] [å†…å­˜æ¶ˆè€—ï¼š1,348.57kb] [æ–‡ä»¶åŠ è½½ï¼š34]
[ info ] [ LANG ] G:\xampp\htdocs\QandA\thinkphp\lang\zh-cn.php
[ info ] [ ROUTE ] array (
  'type' => 'module',
  'module' => 
  array (
    0 => 'index',
    1 => 'userindex',
    2 => 'user_index',
  ),
)
[ info ] [ HEADER ] array (
  'host' => 'localhost',
  'connection' => 'keep-alive',
  'upgrade-insecure-requests' => '1',
  'user-agent' => 'Mozilla/5.0 (Windows NT 6.3; Win64; x64) AppleWebKit/537.36 (KHTML, like Gecko) Chrome/56.0.2924.87 Safari/537.36',
  'accept' => 'text/html,application/xhtml+xml,application/xml;q=0.9,image/webp,*/*;q=0.8',
  'accept-encoding' => 'gzip, deflate, sdch, br',
  'accept-language' => 'zh-CN,zh;q=0.8',
  'cookie' => 'Phpstorm-c745d3f3=89ec4b1a-8121-4b74-96c1-205dcf37ecd1; _ga=GA1.1.1734007425.1490616064; PHPSESSID=msnliposlbmfde7mofr0dq77s3',
)
[ info ] [ PARAM ] array (
)
[ info ] [ RUN ] app\index\controller\Userindex->user_index[ G:\xampp\htdocs\QandA\application\index\controller\Userindex.php ]
[ info ] [ SESSION ] INIT array (
  'id' => '',
  'var_session_id' => '',
  'prefix' => 'think',
  'type' => '',
  'auto_start' => true,
)
[ info ] [ VIEW ] G:\xampp\htdocs\QandA\public/../application/index\view\login\index.html [ array (
) ]
[ info ] [ LOG ] INIT File
---------------------------------------------------------------
[ 2017-08-28T15:56:40+08:00 ] ::1 ::1 GET /QandA/public//fonts/fontawesome-webfont.woff2?v=4.3.0
[ info ] localhost/QandA/public//fonts/fontawesome-webfont.woff2?v=4.3.0 [è¿è¡Œæ—¶é—´ï¼š0.025571s][ååç‡ï¼š39.11req/s] [å†…å­˜æ¶ˆè€—ï¼š1,036.95kb] [æ–‡ä»¶åŠ è½½ï¼š28]
[ info ] [ LANG ] G:\xampp\htdocs\QandA\thinkphp\lang\zh-cn.php
[ info ] [ ROUTE ] array (
  'type' => 'module',
  'module' => 
  array (
    0 => 'fonts',
    1 => 'fontawesome-webfont.woff2',
    2 => NULL,
  ),
)
[ info ] [ HEADER ] array (
  'host' => 'localhost',
  'connection' => 'keep-alive',
  'origin' => 'http://localhost',
  'user-agent' => 'Mozilla/5.0 (Windows NT 6.3; Win64; x64) AppleWebKit/537.36 (KHTML, like Gecko) Chrome/56.0.2924.87 Safari/537.36',
  'accept' => '*/*',
  'referer' => 'http://localhost/QandA/public//css/planeui.min.css',
  'accept-encoding' => 'gzip, deflate, sdch, br',
  'accept-language' => 'zh-CN,zh;q=0.8',
  'cookie' => 'Phpstorm-c745d3f3=89ec4b1a-8121-4b74-96c1-205dcf37ecd1; _ga=GA1.1.1734007425.1490616064; PHPSESSID=msnliposlbmfde7mofr0dq77s3',
)
[ info ] [ PARAM ] array (
  'v' => '4.3.0',
)
[ info ] [ LOG ] INIT File
---------------------------------------------------------------
[ 2017-08-28T15:56:41+08:00 ] ::1 ::1 GET /QandA/public//fonts/fontawesome-webfont.woff?v=4.3.0
[ info ] localhost/QandA/public//fonts/fontawesome-webfont.woff?v=4.3.0 [è¿è¡Œæ—¶é—´ï¼š0.049942s][ååç‡ï¼š20.02req/s] [å†…å­˜æ¶ˆè€—ï¼š1,036.94kb] [æ–‡ä»¶åŠ è½½ï¼š28]
[ info ] [ LANG ] G:\xampp\htdocs\QandA\thinkphp\lang\zh-cn.php
[ info ] [ ROUTE ] array (
  'type' => 'module',
  'module' => 
  array (
    0 => 'fonts',
    1 => 'fontawesome-webfont.woff',
    2 => NULL,
  ),
)
[ info ] [ HEADER ] array (
  'host' => 'localhost',
  'connection' => 'keep-alive',
  'origin' => 'http://localhost',
  'user-agent' => 'Mozilla/5.0 (Windows NT 6.3; Win64; x64) AppleWebKit/537.36 (KHTML, like Gecko) Chrome/56.0.2924.87 Safari/537.36',
  'accept' => '*/*',
  'referer' => 'http://localhost/QandA/public//css/planeui.min.css',
  'accept-encoding' => 'gzip, deflate, sdch, br',
  'accept-language' => 'zh-CN,zh;q=0.8',
  'cookie' => 'Phpstorm-c745d3f3=89ec4b1a-8121-4b74-96c1-205dcf37ecd1; _ga=GA1.1.1734007425.1490616064; PHPSESSID=msnliposlbmfde7mofr0dq77s3',
)
[ info ] [ PARAM ] array (
  'v' => '4.3.0',
)
[ info ] [ LOG ] INIT File
---------------------------------------------------------------
[ 2017-08-28T15:56:41+08:00 ] ::1 ::1 GET /QandA/public//fonts/fontawesome-webfont.ttf?v=4.3.0
[ info ] localhost/QandA/public//fonts/fontawesome-webfont.ttf?v=4.3.0 [è¿è¡Œæ—¶é—´ï¼š0.041445s][ååç‡ï¼š24.13req/s] [å†…å­˜æ¶ˆè€—ï¼š1,036.88kb] [æ–‡ä»¶åŠ è½½ï¼š28]
[ info ] [ LANG ] G:\xampp\htdocs\QandA\thinkphp\lang\zh-cn.php
[ info ] [ ROUTE ] array (
  'type' => 'module',
  'module' => 
  array (
    0 => 'fonts',
    1 => 'fontawesome-webfont.ttf',
    2 => NULL,
  ),
)
[ info ] [ HEADER ] array (
  'host' => 'localhost',
  'connection' => 'keep-alive',
  'origin' => 'http://localhost',
  'user-agent' => 'Mozilla/5.0 (Windows NT 6.3; Win64; x64) AppleWebKit/537.36 (KHTML, like Gecko) Chrome/56.0.2924.87 Safari/537.36',
  'accept' => '*/*',
  'referer' => 'http://localhost/QandA/public//css/planeui.min.css',
  'accept-encoding' => 'gzip, deflate, sdch, br',
  'accept-language' => 'zh-CN,zh;q=0.8',
  'cookie' => 'Phpstorm-c745d3f3=89ec4b1a-8121-4b74-96c1-205dcf37ecd1; _ga=GA1.1.1734007425.1490616064; PHPSESSID=msnliposlbmfde7mofr0dq77s3',
)
[ info ] [ PARAM ] array (
  'v' => '4.3.0',
)
[ info ] [ LOG ] INIT File
---------------------------------------------------------------
[ 2017-08-28T15:57:17+08:00 ] ::1 ::1 GET /QandA/public/index.php/index/userindex/user_index.html
[ info ] localhost/QandA/public/index.php/index/userindex/user_index.html [è¿è¡Œæ—¶é—´ï¼š0.022567s][ååç‡ï¼š44.31req/s] [å†…å­˜æ¶ˆè€—ï¼š1,348.57kb] [æ–‡ä»¶åŠ è½½ï¼š34]
[ info ] [ LANG ] G:\xampp\htdocs\QandA\thinkphp\lang\zh-cn.php
[ info ] [ ROUTE ] array (
  'type' => 'module',
  'module' => 
  array (
    0 => 'index',
    1 => 'userindex',
    2 => 'user_index',
  ),
)
[ info ] [ HEADER ] array (
  'host' => 'localhost',
  'connection' => 'keep-alive',
  'upgrade-insecure-requests' => '1',
  'user-agent' => 'Mozilla/5.0 (Windows NT 6.3; Win64; x64) AppleWebKit/537.36 (KHTML, like Gecko) Chrome/56.0.2924.87 Safari/537.36',
  'accept' => 'text/html,application/xhtml+xml,application/xml;q=0.9,image/webp,*/*;q=0.8',
  'accept-encoding' => 'gzip, deflate, sdch, br',
  'accept-language' => 'zh-CN,zh;q=0.8',
  'cookie' => 'Phpstorm-c745d3f3=89ec4b1a-8121-4b74-96c1-205dcf37ecd1; _ga=GA1.1.1734007425.1490616064; PHPSESSID=msnliposlbmfde7mofr0dq77s3',
)
[ info ] [ PARAM ] array (
)
[ info ] [ RUN ] app\index\controller\Userindex->user_index[ G:\xampp\htdocs\QandA\application\index\controller\Userindex.php ]
[ info ] [ SESSION ] INIT array (
  'id' => '',
  'var_session_id' => '',
  'prefix' => 'think',
  'type' => '',
  'auto_start' => true,
)
[ info ] [ VIEW ] G:\xampp\htdocs\QandA\public/../application/index\view\login\index.html [ array (
) ]
[ info ] [ LOG ] INIT File
---------------------------------------------------------------
[ 2017-08-28T15:57:17+08:00 ] ::1 ::1 GET /QandA/public//fonts/fontawesome-webfont.woff2?v=4.3.0
[ info ] localhost/QandA/public//fonts/fontawesome-webfont.woff2?v=4.3.0 [è¿è¡Œæ—¶é—´ï¼š0.024557s][ååç‡ï¼š40.72req/s] [å†…å­˜æ¶ˆè€—ï¼š1,036.95kb] [æ–‡ä»¶åŠ è½½ï¼š28]
[ info ] [ LANG ] G:\xampp\htdocs\QandA\thinkphp\lang\zh-cn.php
[ info ] [ ROUTE ] array (
  'type' => 'module',
  'module' => 
  array (
    0 => 'fonts',
    1 => 'fontawesome-webfont.woff2',
    2 => NULL,
  ),
)
[ info ] [ HEADER ] array (
  'host' => 'localhost',
  'connection' => 'keep-alive',
  'origin' => 'http://localhost',
  'user-agent' => 'Mozilla/5.0 (Windows NT 6.3; Win64; x64) AppleWebKit/537.36 (KHTML, like Gecko) Chrome/56.0.2924.87 Safari/537.36',
  'accept' => '*/*',
  'referer' => 'http://localhost/QandA/public//css/planeui.min.css',
  'accept-encoding' => 'gzip, deflate, sdch, br',
  'accept-language' => 'zh-CN,zh;q=0.8',
  'cookie' => 'Phpstorm-c745d3f3=89ec4b1a-8121-4b74-96c1-205dcf37ecd1; _ga=GA1.1.1734007425.1490616064; PHPSESSID=msnliposlbmfde7mofr0dq77s3',
)
[ info ] [ PARAM ] array (
  'v' => '4.3.0',
)
[ info ] [ LOG ] INIT File
---------------------------------------------------------------
[ 2017-08-28T15:57:17+08:00 ] ::1 ::1 GET /QandA/public//fonts/fontawesome-webfont.woff?v=4.3.0
[ info ] localhost/QandA/public//fonts/fontawesome-webfont.woff?v=4.3.0 [è¿è¡Œæ—¶é—´ï¼š0.043258s][ååç‡ï¼š23.12req/s] [å†…å­˜æ¶ˆè€—ï¼š1,036.94kb] [æ–‡ä»¶åŠ è½½ï¼š28]
[ info ] [ LANG ] G:\xampp\htdocs\QandA\thinkphp\lang\zh-cn.php
[ info ] [ ROUTE ] array (
  'type' => 'module',
  'module' => 
  array (
    0 => 'fonts',
    1 => 'fontawesome-webfont.woff',
    2 => NULL,
  ),
)
[ info ] [ HEADER ] array (
  'host' => 'localhost',
  'connection' => 'keep-alive',
  'origin' => 'http://localhost',
  'user-agent' => 'Mozilla/5.0 (Windows NT 6.3; Win64; x64) AppleWebKit/537.36 (KHTML, like Gecko) Chrome/56.0.2924.87 Safari/537.36',
  'accept' => '*/*',
  'referer' => 'http://localhost/QandA/public//css/planeui.min.css',
  'accept-encoding' => 'gzip, deflate, sdch, br',
  'accept-language' => 'zh-CN,zh;q=0.8',
  'cookie' => 'Phpstorm-c745d3f3=89ec4b1a-8121-4b74-96c1-205dcf37ecd1; _ga=GA1.1.1734007425.1490616064; PHPSESSID=msnliposlbmfde7mofr0dq77s3',
)
[ info ] [ PARAM ] array (
  'v' => '4.3.0',
)
[ info ] [ LOG ] INIT File
---------------------------------------------------------------
[ 2017-08-28T15:57:17+08:00 ] ::1 ::1 GET /QandA/public//fonts/fontawesome-webfont.ttf?v=4.3.0
[ info ] localhost/QandA/public//fonts/fontawesome-webfont.ttf?v=4.3.0 [è¿è¡Œæ—¶é—´ï¼š0.038945s][ååç‡ï¼š25.68req/s] [å†…å­˜æ¶ˆè€—ï¼š1,036.88kb] [æ–‡ä»¶åŠ è½½ï¼š28]
[ info ] [ LANG ] G:\xampp\htdocs\QandA\thinkphp\lang\zh-cn.php
[ info ] [ ROUTE ] array (
  'type' => 'module',
  'module' => 
  array (
    0 => 'fonts',
    1 => 'fontawesome-webfont.ttf',
    2 => NULL,
  ),
)
[ info ] [ HEADER ] array (
  'host' => 'localhost',
  'connection' => 'keep-alive',
  'origin' => 'http://localhost',
  'user-agent' => 'Mozilla/5.0 (Windows NT 6.3; Win64; x64) AppleWebKit/537.36 (KHTML, like Gecko) Chrome/56.0.2924.87 Safari/537.36',
  'accept' => '*/*',
  'referer' => 'http://localhost/QandA/public//css/planeui.min.css',
  'accept-encoding' => 'gzip, deflate, sdch, br',
  'accept-language' => 'zh-CN,zh;q=0.8',
  'cookie' => 'Phpstorm-c745d3f3=89ec4b1a-8121-4b74-96c1-205dcf37ecd1; _ga=GA1.1.1734007425.1490616064; PHPSESSID=msnliposlbmfde7mofr0dq77s3',
)
[ info ] [ PARAM ] array (
  'v' => '4.3.0',
)
[ info ] [ LOG ] INIT File
---------------------------------------------------------------
[ 2017-08-28T15:57:21+08:00 ] ::1 ::1 GET /QandA/public/index.php/index/userindex/user_index.html
[ info ] localhost/QandA/public/index.php/index/userindex/user_index.html [è¿è¡Œæ—¶é—´ï¼š0.025746s][ååç‡ï¼š38.84req/s] [å†…å­˜æ¶ˆè€—ï¼š1,348.57kb] [æ–‡ä»¶åŠ è½½ï¼š34]
[ info ] [ LANG ] G:\xampp\htdocs\QandA\thinkphp\lang\zh-cn.php
[ info ] [ ROUTE ] array (
  'type' => 'module',
  'module' => 
  array (
    0 => 'index',
    1 => 'userindex',
    2 => 'user_index',
  ),
)
[ info ] [ HEADER ] array (
  'host' => 'localhost',
  'connection' => 'keep-alive',
  'upgrade-insecure-requests' => '1',
  'user-agent' => 'Mozilla/5.0 (Windows NT 6.3; Win64; x64) AppleWebKit/537.36 (KHTML, like Gecko) Chrome/56.0.2924.87 Safari/537.36',
  'accept' => 'text/html,application/xhtml+xml,application/xml;q=0.9,image/webp,*/*;q=0.8',
  'accept-encoding' => 'gzip, deflate, sdch, br',
  'accept-language' => 'zh-CN,zh;q=0.8',
  'cookie' => 'Phpstorm-c745d3f3=89ec4b1a-8121-4b74-96c1-205dcf37ecd1; _ga=GA1.1.1734007425.1490616064; PHPSESSID=msnliposlbmfde7mofr0dq77s3',
)
[ info ] [ PARAM ] array (
)
[ info ] [ RUN ] app\index\controller\Userindex->user_index[ G:\xampp\htdocs\QandA\application\index\controller\Userindex.php ]
[ info ] [ SESSION ] INIT array (
  'id' => '',
  'var_session_id' => '',
  'prefix' => 'think',
  'type' => '',
  'auto_start' => true,
)
[ info ] [ VIEW ] G:\xampp\htdocs\QandA\public/../application/index\view\login\index.html [ array (
) ]
[ info ] [ LOG ] INIT File
---------------------------------------------------------------
[ 2017-08-28T15:57:24+08:00 ] ::1 ::1 GET /QandA/public/index.php/index/userindex/user_index.html
[ info ] localhost/QandA/public/index.php/index/userindex/user_index.html [è¿è¡Œæ—¶é—´ï¼š0.027116s][ååç‡ï¼š36.88req/s] [å†…å­˜æ¶ˆè€—ï¼š1,348.57kb] [æ–‡ä»¶åŠ è½½ï¼š34]
[ info ] [ LANG ] G:\xampp\htdocs\QandA\thinkphp\lang\zh-cn.php
[ info ] [ ROUTE ] array (
  'type' => 'module',
  'module' => 
  array (
    0 => 'index',
    1 => 'userindex',
    2 => 'user_index',
  ),
)
[ info ] [ HEADER ] array (
  'host' => 'localhost',
  'connection' => 'keep-alive',
  'upgrade-insecure-requests' => '1',
  'user-agent' => 'Mozilla/5.0 (Windows NT 6.3; Win64; x64) AppleWebKit/537.36 (KHTML, like Gecko) Chrome/56.0.2924.87 Safari/537.36',
  'accept' => 'text/html,application/xhtml+xml,application/xml;q=0.9,image/webp,*/*;q=0.8',
  'accept-encoding' => 'gzip, deflate, sdch, br',
  'accept-language' => 'zh-CN,zh;q=0.8',
  'cookie' => 'Phpstorm-c745d3f3=89ec4b1a-8121-4b74-96c1-205dcf37ecd1; _ga=GA1.1.1734007425.1490616064; PHPSESSID=msnliposlbmfde7mofr0dq77s3',
)
[ info ] [ PARAM ] array (
)
[ info ] [ RUN ] app\index\controller\Userindex->user_index[ G:\xampp\htdocs\QandA\application\index\controller\Userindex.php ]
[ info ] [ SESSION ] INIT array (
  'id' => '',
  'var_session_id' => '',
  'prefix' => 'think',
  'type' => '',
  'auto_start' => true,
)
[ info ] [ VIEW ] G:\xampp\htdocs\QandA\public/../application/index\view\login\index.html [ array (
) ]
[ info ] [ LOG ] INIT File
---------------------------------------------------------------
[ 2017-08-28T16:09:37+08:00 ] ::1 ::1 GET /QandA/public/index.php/index/userindex/user_index.html
[ info ] localhost/QandA/public/index.php/index/userindex/user_index.html [è¿è¡Œæ—¶é—´ï¼š0.028099s][ååç‡ï¼š35.59req/s] [å†…å­˜æ¶ˆè€—ï¼š1,348.57kb] [æ–‡ä»¶åŠ è½½ï¼š34]
[ info ] [ LANG ] G:\xampp\htdocs\QandA\thinkphp\lang\zh-cn.php
[ info ] [ ROUTE ] array (
  'type' => 'module',
  'module' => 
  array (
    0 => 'index',
    1 => 'userindex',
    2 => 'user_index',
  ),
)
[ info ] [ HEADER ] array (
  'host' => 'localhost',
  'connection' => 'keep-alive',
  'upgrade-insecure-requests' => '1',
  'user-agent' => 'Mozilla/5.0 (Windows NT 6.3; Win64; x64) AppleWebKit/537.36 (KHTML, like Gecko) Chrome/56.0.2924.87 Safari/537.36',
  'accept' => 'text/html,application/xhtml+xml,application/xml;q=0.9,image/webp,*/*;q=0.8',
  'accept-encoding' => 'gzip, deflate, sdch, br',
  'accept-language' => 'zh-CN,zh;q=0.8',
  'cookie' => 'Phpstorm-c745d3f3=89ec4b1a-8121-4b74-96c1-205dcf37ecd1; _ga=GA1.1.1734007425.1490616064; PHPSESSID=msnliposlbmfde7mofr0dq77s3',
)
[ info ] [ PARAM ] array (
)
[ info ] [ RUN ] app\index\controller\Userindex->user_index[ G:\xampp\htdocs\QandA\application\index\controller\Userindex.php ]
[ info ] [ SESSION ] INIT array (
  'id' => '',
  'var_session_id' => '',
  'prefix' => 'think',
  'type' => '',
  'auto_start' => true,
)
[ info ] [ VIEW ] G:\xampp\htdocs\QandA\public/../application/index\view\login\index.html [ array (
) ]
[ info ] [ LOG ] INIT File
---------------------------------------------------------------
[ 2017-08-28T16:09:37+08:00 ] ::1 ::1 GET /QandA/public//css/images/bg5.jpg
[ info ] localhost/QandA/public//css/images/bg5.jpg [è¿è¡Œæ—¶é—´ï¼š0.028132s][ååç‡ï¼š35.55req/s] [å†…å­˜æ¶ˆè€—ï¼š1,036.34kb] [æ–‡ä»¶åŠ è½½ï¼š28]
[ info ] [ LANG ] G:\xampp\htdocs\QandA\thinkphp\lang\zh-cn.php
[ info ] [ ROUTE ] array (
  'type' => 'module',
  'module' => 
  array (
    0 => 'css',
    1 => 'images',
    2 => 'bg5.jpg',
  ),
)
[ info ] [ HEADER ] array (
  'host' => 'localhost',
  'connection' => 'keep-alive',
  'user-agent' => 'Mozilla/5.0 (Windows NT 6.3; Win64; x64) AppleWebKit/537.36 (KHTML, like Gecko) Chrome/56.0.2924.87 Safari/537.36',
  'accept' => 'image/webp,image/*,*/*;q=0.8',
  'referer' => 'http://localhost/QandA/public//css/login/login.css',
  'accept-encoding' => 'gzip, deflate, sdch, br',
  'accept-language' => 'zh-CN,zh;q=0.8',
  'cookie' => 'Phpstorm-c745d3f3=89ec4b1a-8121-4b74-96c1-205dcf37ecd1; _ga=GA1.1.1734007425.1490616064; PHPSESSID=msnliposlbmfde7mofr0dq77s3',
)
[ info ] [ PARAM ] array (
)
[ info ] [ LOG ] INIT File
---------------------------------------------------------------
[ 2017-08-28T16:09:37+08:00 ] ::1 ::1 GET /QandA/public//fonts/fontawesome-webfont.woff2?v=4.3.0
[ info ] localhost/QandA/public//fonts/fontawesome-webfont.woff2?v=4.3.0 [è¿è¡Œæ—¶é—´ï¼š0.031284s][ååç‡ï¼š31.97req/s] [å†…å­˜æ¶ˆè€—ï¼š1,036.84kb] [æ–‡ä»¶åŠ è½½ï¼š28]
[ info ] [ LANG ] G:\xampp\htdocs\QandA\thinkphp\lang\zh-cn.php
[ info ] [ ROUTE ] array (
  'type' => 'module',
  'module' => 
  array (
    0 => 'fonts',
    1 => 'fontawesome-webfont.woff2',
    2 => NULL,
  ),
)
[ info ] [ HEADER ] array (
  'host' => 'localhost',
  'connection' => 'keep-alive',
  'user-agent' => 'Mozilla/5.0 (Windows NT 6.3; Win64; x64) AppleWebKit/537.36 (KHTML, like Gecko) Chrome/56.0.2924.87 Safari/537.36',
  'origin' => 'http://localhost',
  'accept' => '*/*',
  'referer' => 'http://localhost/QandA/public//css/planeui.css',
  'accept-encoding' => 'gzip, deflate, sdch, br',
  'accept-language' => 'zh-CN,zh;q=0.8',
  'cookie' => 'Phpstorm-c745d3f3=89ec4b1a-8121-4b74-96c1-205dcf37ecd1; _ga=GA1.1.1734007425.1490616064; PHPSESSID=msnliposlbmfde7mofr0dq77s3',
)
[ info ] [ PARAM ] array (
  'v' => '4.3.0',
)
[ info ] [ LOG ] INIT File
---------------------------------------------------------------
[ 2017-08-28T16:09:38+08:00 ] ::1 ::1 GET /QandA/public//fonts/fontawesome-webfont.woff?v=4.3.0
[ info ] localhost/QandA/public//fonts/fontawesome-webfont.woff?v=4.3.0 [è¿è¡Œæ—¶é—´ï¼š0.018014s][ååç‡ï¼š55.51req/s] [å†…å­˜æ¶ˆè€—ï¼š1,036.83kb] [æ–‡ä»¶åŠ è½½ï¼š28]
[ info ] [ LANG ] G:\xampp\htdocs\QandA\thinkphp\lang\zh-cn.php
[ info ] [ ROUTE ] array (
  'type' => 'module',
  'module' => 
  array (
    0 => 'fonts',
    1 => 'fontawesome-webfont.woff',
    2 => NULL,
  ),
)
[ info ] [ HEADER ] array (
  'host' => 'localhost',
  'connection' => 'keep-alive',
  'user-agent' => 'Mozilla/5.0 (Windows NT 6.3; Win64; x64) AppleWebKit/537.36 (KHTML, like Gecko) Chrome/56.0.2924.87 Safari/537.36',
  'origin' => 'http://localhost',
  'accept' => '*/*',
  'referer' => 'http://localhost/QandA/public//css/planeui.css',
  'accept-encoding' => 'gzip, deflate, sdch, br',
  'accept-language' => 'zh-CN,zh;q=0.8',
  'cookie' => 'Phpstorm-c745d3f3=89ec4b1a-8121-4b74-96c1-205dcf37ecd1; _ga=GA1.1.1734007425.1490616064; PHPSESSID=msnliposlbmfde7mofr0dq77s3',
)
[ info ] [ PARAM ] array (
  'v' => '4.3.0',
)
[ info ] [ LOG ] INIT File
---------------------------------------------------------------
[ 2017-08-28T16:09:38+08:00 ] ::1 ::1 GET /QandA/public//fonts/fontawesome-webfont.ttf?v=4.3.0
[ info ] localhost/QandA/public//fonts/fontawesome-webfont.ttf?v=4.3.0 [è¿è¡Œæ—¶é—´ï¼š0.018092s][ååç‡ï¼š55.27req/s] [å†…å­˜æ¶ˆè€—ï¼š1,036.84kb] [æ–‡ä»¶åŠ è½½ï¼š28]
[ info ] [ LANG ] G:\xampp\htdocs\QandA\thinkphp\lang\zh-cn.php
[ info ] [ ROUTE ] array (
  'type' => 'module',
  'module' => 
  array (
    0 => 'fonts',
    1 => 'fontawesome-webfont.ttf',
    2 => NULL,
  ),
)
[ info ] [ HEADER ] array (
  'host' => 'localhost',
  'connection' => 'keep-alive',
  'user-agent' => 'Mozilla/5.0 (Windows NT 6.3; Win64; x64) AppleWebKit/537.36 (KHTML, like Gecko) Chrome/56.0.2924.87 Safari/537.36',
  'origin' => 'http://localhost',
  'accept' => '*/*',
  'referer' => 'http://localhost/QandA/public//css/planeui.css',
  'accept-encoding' => 'gzip, deflate, sdch, br',
  'accept-language' => 'zh-CN,zh;q=0.8',
  'cookie' => 'Phpstorm-c745d3f3=89ec4b1a-8121-4b74-96c1-205dcf37ecd1; _ga=GA1.1.1734007425.1490616064; PHPSESSID=msnliposlbmfde7mofr0dq77s3',
)
[ info ] [ PARAM ] array (
  'v' => '4.3.0',
)
[ info ] [ LOG ] INIT File
---------------------------------------------------------------
[ 2017-08-28T23:08:19+08:00 ] ::1 ::1 GET /QandA/public/index.php/event/index/insertevent
[ info ] localhost/QandA/public/index.php/event/index/insertevent [è¿è¡Œæ—¶é—´ï¼š0.066670s][ååç‡ï¼š15.00req/s] [å†…å­˜æ¶ˆè€—ï¼š1,462.66kb] [æ–‡ä»¶åŠ è½½ï¼š35]
[ info ] [ LANG ] G:\xampp\htdocs\QandA\thinkphp\lang\zh-cn.php
[ info ] [ ROUTE ] array (
  'type' => 'module',
  'module' => 
  array (
    0 => 'event',
    1 => 'index',
    2 => 'insertevent',
  ),
)
[ info ] [ HEADER ] array (
  'host' => 'localhost',
  'connection' => 'keep-alive',
  'upgrade-insecure-requests' => '1',
  'user-agent' => 'Mozilla/5.0 (Windows NT 6.3; Win64; x64) AppleWebKit/537.36 (KHTML, like Gecko) Chrome/56.0.2924.87 Safari/537.36',
  'accept' => 'text/html,application/xhtml+xml,application/xml;q=0.9,image/webp,*/*;q=0.8',
  'accept-encoding' => 'gzip, deflate, sdch, br',
  'accept-language' => 'zh-CN,zh;q=0.8',
  'cookie' => 'Phpstorm-c745d3f3=89ec4b1a-8121-4b74-96c1-205dcf37ecd1; _ga=GA1.1.1734007425.1490616064; PHPSESSID=msnliposlbmfde7mofr0dq77s3',
)
[ info ] [ PARAM ] array (
)
[ info ] [ RUN ] app\event\controller\Index->insertevent[ G:\xampp\htdocs\QandA\application\event\controller\Index.php ]
[ info ] [ VIEW ] G:\xampp\htdocs\QandA\public/../application/event\view\index\event_insert.html [ array (
) ]
[ info ] [ LOG ] INIT File
---------------------------------------------------------------
[ 2017-08-28T23:08:19+08:00 ] ::1 ::1 GET /QandA/public//public/event/dist/js/planeui.js
[ info ] localhost/QandA/public//public/event/dist/js/planeui.js [è¿è¡Œæ—¶é—´ï¼š0.055865s][ååç‡ï¼š17.90req/s] [å†…å­˜æ¶ˆè€—ï¼š1,036.72kb] [æ–‡ä»¶åŠ è½½ï¼š28]
[ info ] [ LANG ] G:\xampp\htdocs\QandA\thinkphp\lang\zh-cn.php
[ info ] [ ROUTE ] array (
  'type' => 'module',
  'module' => 
  array (
    0 => 'public',
    1 => 'event',
    2 => 'dist',
  ),
)
[ info ] [ HEADER ] array (
  'host' => 'localhost',
  'connection' => 'keep-alive',
  'user-agent' => 'Mozilla/5.0 (Windows NT 6.3; Win64; x64) AppleWebKit/537.36 (KHTML, like Gecko) Chrome/56.0.2924.87 Safari/537.36',
  'accept' => '*/*',
  'referer' => 'http://localhost/QandA/public/index.php/event/index/insertevent',
  'accept-encoding' => 'gzip, deflate, sdch, br',
  'accept-language' => 'zh-CN,zh;q=0.8',
  'cookie' => 'Phpstorm-c745d3f3=89ec4b1a-8121-4b74-96c1-205dcf37ecd1; _ga=GA1.1.1734007425.1490616064; PHPSESSID=msnliposlbmfde7mofr0dq77s3',
)
[ info ] [ PARAM ] array (
  'js' => 'planeui.js',
)
[ info ] [ LOG ] INIT File
---------------------------------------------------------------
[ 2017-08-28T23:08:20+08:00 ] ::1 ::1 GET /QandA/public//public/event/dist/js/planeui.js
[ info ] localhost/QandA/public//public/event/dist/js/planeui.js [è¿è¡Œæ—¶é—´ï¼š0.035662s][ååç‡ï¼š28.04req/s] [å†…å­˜æ¶ˆè€—ï¼š1,036.72kb] [æ–‡ä»¶åŠ è½½ï¼š28]
[ info ] [ LANG ] G:\xampp\htdocs\QandA\thinkphp\lang\zh-cn.php
[ info ] [ ROUTE ] array (
  'type' => 'module',
  'module' => 
  array (
    0 => 'public',
    1 => 'event',
    2 => 'dist',
  ),
)
[ info ] [ HEADER ] array (
  'host' => 'localhost',
  'connection' => 'keep-alive',
  'user-agent' => 'Mozilla/5.0 (Windows NT 6.3; Win64; x64) AppleWebKit/537.36 (KHTML, like Gecko) Chrome/56.0.2924.87 Safari/537.36',
  'accept' => '*/*',
  'referer' => 'http://localhost/QandA/public/index.php/event/index/insertevent',
  'accept-encoding' => 'gzip, deflate, sdch, br',
  'accept-language' => 'zh-CN,zh;q=0.8',
  'cookie' => 'Phpstorm-c745d3f3=89ec4b1a-8121-4b74-96c1-205dcf37ecd1; _ga=GA1.1.1734007425.1490616064; PHPSESSID=msnliposlbmfde7mofr0dq77s3',
)
[ info ] [ PARAM ] array (
  'js' => 'planeui.js',
)
[ info ] [ LOG ] INIT File
